
*** Running vivado
    with args -log subsystem_bd_my_axi_ip_0_2.vds -m64 -product Vivado -mode batch -messageDb vivado.pb -notrace -source subsystem_bd_my_axi_ip_0_2.tcl


****** Vivado v2023.1 (64-bit)
  **** SW Build 3865809 on Sun May  7 15:04:56 MDT 2023
  **** IP Build 3864474 on Sun May  7 20:36:21 MDT 2023
  **** SharedData Build 3865790 on Sun May 07 13:33:03 MDT 2023
    ** Copyright 1986-2022 Xilinx, Inc. All Rights Reserved.
    ** Copyright 2022-2023 Advanced Micro Devices, Inc. All Rights Reserved.

source subsystem_bd_my_axi_ip_0_2.tcl -notrace
create_project: Time (s): cpu = 00:00:05 ; elapsed = 00:00:06 . Memory (MB): peak = 1998.695 ; gain = 113.992 ; free physical = 13204 ; free virtual = 21942
INFO: [IP_Flow 19-234] Refreshing IP repositories
INFO: [IP_Flow 19-1700] Loaded user IP repository '/home/mg/Documents/my-projects/Embedded-System-Design-with-Xilinx-Zynq-SoC-and-Vitis-IDE/custom-axi-ip/hardware/build/ip_repo/my_axi_ip_1_0'.
INFO: [IP_Flow 19-2313] Loaded Vivado IP repository '/home/mg/Xilinx/Vivado/2023.1/data/ip'.
INFO: [IP_Flow 19-6924] IPCACHE: Running cache check for IP inst: subsystem_bd_my_axi_ip_0_2
Command: synth_design -top subsystem_bd_my_axi_ip_0_2 -part xc7z010clg400-1 -incremental_mode off -mode out_of_context
Starting synth_design
Attempting to get a license for feature 'Synthesis' and/or device 'xc7z010'
INFO: [Common 17-349] Got license for feature 'Synthesis' and/or device 'xc7z010'
INFO: [Device 21-403] Loading part xc7z010clg400-1
INFO: [Synth 8-7079] Multithreading enabled for synth_design using a maximum of 4 processes.
INFO: [Synth 8-7078] Launching helper process for spawning children vivado processes
INFO: [Synth 8-7075] Helper process launched with PID 137185
---------------------------------------------------------------------------------
Starting RTL Elaboration : Time (s): cpu = 00:00:04 ; elapsed = 00:00:05 . Memory (MB): peak = 2739.457 ; gain = 376.801 ; free physical = 12186 ; free virtual = 20924
---------------------------------------------------------------------------------
INFO: [Synth 8-6157] synthesizing module 'subsystem_bd_my_axi_ip_0_2' [/home/mg/Documents/my-projects/Embedded-System-Design-with-Xilinx-Zynq-SoC-and-Vitis-IDE/custom-axi-ip/hardware/build/custom-axi-ip/custom-axi-ip.gen/sources_1/bd/subsystem_bd/ip/subsystem_bd_my_axi_ip_0_2/synth/subsystem_bd_my_axi_ip_0_2.v:53]
INFO: [Synth 8-6157] synthesizing module 'my_axi_ip_v1_0' [/home/mg/Documents/my-projects/Embedded-System-Design-with-Xilinx-Zynq-SoC-and-Vitis-IDE/custom-axi-ip/hardware/build/custom-axi-ip/custom-axi-ip.gen/sources_1/bd/subsystem_bd/ipshared/a7b5/hdl/my_axi_ip_v1_0.v:4]
INFO: [Synth 8-6157] synthesizing module 'my_axi_ip_v1_0_S00_AXI' [/home/mg/Documents/my-projects/Embedded-System-Design-with-Xilinx-Zynq-SoC-and-Vitis-IDE/custom-axi-ip/hardware/build/custom-axi-ip/custom-axi-ip.gen/sources_1/bd/subsystem_bd/ipshared/a7b5/hdl/my_axi_ip_v1_0_S00_AXI.v:4]
INFO: [Synth 8-226] default block is never used [/home/mg/Documents/my-projects/Embedded-System-Design-with-Xilinx-Zynq-SoC-and-Vitis-IDE/custom-axi-ip/hardware/build/custom-axi-ip/custom-axi-ip.gen/sources_1/bd/subsystem_bd/ipshared/a7b5/hdl/my_axi_ip_v1_0_S00_AXI.v:237]
INFO: [Synth 8-226] default block is never used [/home/mg/Documents/my-projects/Embedded-System-Design-with-Xilinx-Zynq-SoC-and-Vitis-IDE/custom-axi-ip/hardware/build/custom-axi-ip/custom-axi-ip.gen/sources_1/bd/subsystem_bd/ipshared/a7b5/hdl/my_axi_ip_v1_0_S00_AXI.v:378]
INFO: [Synth 8-6157] synthesizing module 'counter' [/home/mg/Documents/my-projects/Embedded-System-Design-with-Xilinx-Zynq-SoC-and-Vitis-IDE/custom-axi-ip/hardware/build/custom-axi-ip/custom-axi-ip.gen/sources_1/bd/subsystem_bd/ipshared/a7b5/src/counter.sv:3]
INFO: [Synth 8-6155] done synthesizing module 'counter' (0#1) [/home/mg/Documents/my-projects/Embedded-System-Design-with-Xilinx-Zynq-SoC-and-Vitis-IDE/custom-axi-ip/hardware/build/custom-axi-ip/custom-axi-ip.gen/sources_1/bd/subsystem_bd/ipshared/a7b5/src/counter.sv:3]
INFO: [Synth 8-6155] done synthesizing module 'my_axi_ip_v1_0_S00_AXI' (0#1) [/home/mg/Documents/my-projects/Embedded-System-Design-with-Xilinx-Zynq-SoC-and-Vitis-IDE/custom-axi-ip/hardware/build/custom-axi-ip/custom-axi-ip.gen/sources_1/bd/subsystem_bd/ipshared/a7b5/hdl/my_axi_ip_v1_0_S00_AXI.v:4]
INFO: [Synth 8-6157] synthesizing module 'debounce' [/home/mg/Documents/my-projects/Embedded-System-Design-with-Xilinx-Zynq-SoC-and-Vitis-IDE/custom-axi-ip/hardware/build/custom-axi-ip/custom-axi-ip.gen/sources_1/bd/subsystem_bd/ipshared/a7b5/src/debouncer.sv:4]
INFO: [Synth 8-6155] done synthesizing module 'debounce' (0#1) [/home/mg/Documents/my-projects/Embedded-System-Design-with-Xilinx-Zynq-SoC-and-Vitis-IDE/custom-axi-ip/hardware/build/custom-axi-ip/custom-axi-ip.gen/sources_1/bd/subsystem_bd/ipshared/a7b5/src/debouncer.sv:4]
INFO: [Synth 8-6157] synthesizing module 'single_pulse_detector' [/home/mg/Documents/my-projects/Embedded-System-Design-with-Xilinx-Zynq-SoC-and-Vitis-IDE/custom-axi-ip/hardware/build/custom-axi-ip/custom-axi-ip.gen/sources_1/bd/subsystem_bd/ipshared/a7b5/src/single_pulse_detector .sv:1]
INFO: [Synth 8-6155] done synthesizing module 'single_pulse_detector' (0#1) [/home/mg/Documents/my-projects/Embedded-System-Design-with-Xilinx-Zynq-SoC-and-Vitis-IDE/custom-axi-ip/hardware/build/custom-axi-ip/custom-axi-ip.gen/sources_1/bd/subsystem_bd/ipshared/a7b5/src/single_pulse_detector .sv:1]
INFO: [Synth 8-6155] done synthesizing module 'my_axi_ip_v1_0' (0#1) [/home/mg/Documents/my-projects/Embedded-System-Design-with-Xilinx-Zynq-SoC-and-Vitis-IDE/custom-axi-ip/hardware/build/custom-axi-ip/custom-axi-ip.gen/sources_1/bd/subsystem_bd/ipshared/a7b5/hdl/my_axi_ip_v1_0.v:4]
INFO: [Synth 8-6155] done synthesizing module 'subsystem_bd_my_axi_ip_0_2' (0#1) [/home/mg/Documents/my-projects/Embedded-System-Design-with-Xilinx-Zynq-SoC-and-Vitis-IDE/custom-axi-ip/hardware/build/custom-axi-ip/custom-axi-ip.gen/sources_1/bd/subsystem_bd/ip/subsystem_bd_my_axi_ip_0_2/synth/subsystem_bd_my_axi_ip_0_2.v:53]
WARNING: [Synth 8-6014] Unused sequential element axi_awaddr_reg was removed.  [/home/mg/Documents/my-projects/Embedded-System-Design-with-Xilinx-Zynq-SoC-and-Vitis-IDE/custom-axi-ip/hardware/build/custom-axi-ip/custom-axi-ip.gen/sources_1/bd/subsystem_bd/ipshared/a7b5/hdl/my_axi_ip_v1_0_S00_AXI.v:176]
WARNING: [Synth 8-6014] Unused sequential element slv_reg0_reg was removed.  [/home/mg/Documents/my-projects/Embedded-System-Design-with-Xilinx-Zynq-SoC-and-Vitis-IDE/custom-axi-ip/hardware/build/custom-axi-ip/custom-axi-ip.gen/sources_1/bd/subsystem_bd/ipshared/a7b5/hdl/my_axi_ip_v1_0_S00_AXI.v:229]
WARNING: [Synth 8-6014] Unused sequential element slv_reg1_reg was removed.  [/home/mg/Documents/my-projects/Embedded-System-Design-with-Xilinx-Zynq-SoC-and-Vitis-IDE/custom-axi-ip/hardware/build/custom-axi-ip/custom-axi-ip.gen/sources_1/bd/subsystem_bd/ipshared/a7b5/hdl/my_axi_ip_v1_0_S00_AXI.v:230]
WARNING: [Synth 8-6014] Unused sequential element slv_reg2_reg was removed.  [/home/mg/Documents/my-projects/Embedded-System-Design-with-Xilinx-Zynq-SoC-and-Vitis-IDE/custom-axi-ip/hardware/build/custom-axi-ip/custom-axi-ip.gen/sources_1/bd/subsystem_bd/ipshared/a7b5/hdl/my_axi_ip_v1_0_S00_AXI.v:231]
WARNING: [Synth 8-6014] Unused sequential element slv_reg3_reg was removed.  [/home/mg/Documents/my-projects/Embedded-System-Design-with-Xilinx-Zynq-SoC-and-Vitis-IDE/custom-axi-ip/hardware/build/custom-axi-ip/custom-axi-ip.gen/sources_1/bd/subsystem_bd/ipshared/a7b5/hdl/my_axi_ip_v1_0_S00_AXI.v:232]
WARNING: [Synth 8-6014] Unused sequential element axi_araddr_reg was removed.  [/home/mg/Documents/my-projects/Embedded-System-Design-with-Xilinx-Zynq-SoC-and-Vitis-IDE/custom-axi-ip/hardware/build/custom-axi-ip/custom-axi-ip.gen/sources_1/bd/subsystem_bd/ipshared/a7b5/hdl/my_axi_ip_v1_0_S00_AXI.v:322]
WARNING: [Synth 8-7129] Port S_AXI_AWADDR[3] in module my_axi_ip_v1_0_S00_AXI is either unconnected or has no load
WARNING: [Synth 8-7129] Port S_AXI_AWADDR[2] in module my_axi_ip_v1_0_S00_AXI is either unconnected or has no load
WARNING: [Synth 8-7129] Port S_AXI_AWADDR[1] in module my_axi_ip_v1_0_S00_AXI is either unconnected or has no load
WARNING: [Synth 8-7129] Port S_AXI_AWADDR[0] in module my_axi_ip_v1_0_S00_AXI is either unconnected or has no load
WARNING: [Synth 8-7129] Port S_AXI_AWPROT[2] in module my_axi_ip_v1_0_S00_AXI is either unconnected or has no load
WARNING: [Synth 8-7129] Port S_AXI_AWPROT[1] in module my_axi_ip_v1_0_S00_AXI is either unconnected or has no load
WARNING: [Synth 8-7129] Port S_AXI_AWPROT[0] in module my_axi_ip_v1_0_S00_AXI is either unconnected or has no load
WARNING: [Synth 8-7129] Port S_AXI_WDATA[31] in module my_axi_ip_v1_0_S00_AXI is either unconnected or has no load
WARNING: [Synth 8-7129] Port S_AXI_WDATA[30] in module my_axi_ip_v1_0_S00_AXI is either unconnected or has no load
WARNING: [Synth 8-7129] Port S_AXI_WDATA[29] in module my_axi_ip_v1_0_S00_AXI is either unconnected or has no load
WARNING: [Synth 8-7129] Port S_AXI_WDATA[28] in module my_axi_ip_v1_0_S00_AXI is either unconnected or has no load
WARNING: [Synth 8-7129] Port S_AXI_WDATA[27] in module my_axi_ip_v1_0_S00_AXI is either unconnected or has no load
WARNING: [Synth 8-7129] Port S_AXI_WDATA[26] in module my_axi_ip_v1_0_S00_AXI is either unconnected or has no load
WARNING: [Synth 8-7129] Port S_AXI_WDATA[25] in module my_axi_ip_v1_0_S00_AXI is either unconnected or has no load
WARNING: [Synth 8-7129] Port S_AXI_WDATA[24] in module my_axi_ip_v1_0_S00_AXI is either unconnected or has no load
WARNING: [Synth 8-7129] Port S_AXI_WDATA[23] in module my_axi_ip_v1_0_S00_AXI is either unconnected or has no load
WARNING: [Synth 8-7129] Port S_AXI_WDATA[22] in module my_axi_ip_v1_0_S00_AXI is either unconnected or has no load
WARNING: [Synth 8-7129] Port S_AXI_WDATA[21] in module my_axi_ip_v1_0_S00_AXI is either unconnected or has no load
WARNING: [Synth 8-7129] Port S_AXI_WDATA[20] in module my_axi_ip_v1_0_S00_AXI is either unconnected or has no load
WARNING: [Synth 8-7129] Port S_AXI_WDATA[19] in module my_axi_ip_v1_0_S00_AXI is either unconnected or has no load
WARNING: [Synth 8-7129] Port S_AXI_WDATA[18] in module my_axi_ip_v1_0_S00_AXI is either unconnected or has no load
WARNING: [Synth 8-7129] Port S_AXI_WDATA[17] in module my_axi_ip_v1_0_S00_AXI is either unconnected or has no load
WARNING: [Synth 8-7129] Port S_AXI_WDATA[16] in module my_axi_ip_v1_0_S00_AXI is either unconnected or has no load
WARNING: [Synth 8-7129] Port S_AXI_WDATA[15] in module my_axi_ip_v1_0_S00_AXI is either unconnected or has no load
WARNING: [Synth 8-7129] Port S_AXI_WDATA[14] in module my_axi_ip_v1_0_S00_AXI is either unconnected or has no load
WARNING: [Synth 8-7129] Port S_AXI_WDATA[13] in module my_axi_ip_v1_0_S00_AXI is either unconnected or has no load
WARNING: [Synth 8-7129] Port S_AXI_WDATA[12] in module my_axi_ip_v1_0_S00_AXI is either unconnected or has no load
WARNING: [Synth 8-7129] Port S_AXI_WDATA[11] in module my_axi_ip_v1_0_S00_AXI is either unconnected or has no load
WARNING: [Synth 8-7129] Port S_AXI_WDATA[10] in module my_axi_ip_v1_0_S00_AXI is either unconnected or has no load
WARNING: [Synth 8-7129] Port S_AXI_WDATA[9] in module my_axi_ip_v1_0_S00_AXI is either unconnected or has no load
WARNING: [Synth 8-7129] Port S_AXI_WDATA[8] in module my_axi_ip_v1_0_S00_AXI is either unconnected or has no load
WARNING: [Synth 8-7129] Port S_AXI_WDATA[7] in module my_axi_ip_v1_0_S00_AXI is either unconnected or has no load
WARNING: [Synth 8-7129] Port S_AXI_WDATA[6] in module my_axi_ip_v1_0_S00_AXI is either unconnected or has no load
WARNING: [Synth 8-7129] Port S_AXI_WDATA[5] in module my_axi_ip_v1_0_S00_AXI is either unconnected or has no load
WARNING: [Synth 8-7129] Port S_AXI_WDATA[4] in module my_axi_ip_v1_0_S00_AXI is either unconnected or has no load
WARNING: [Synth 8-7129] Port S_AXI_WDATA[3] in module my_axi_ip_v1_0_S00_AXI is either unconnected or has no load
WARNING: [Synth 8-7129] Port S_AXI_WDATA[2] in module my_axi_ip_v1_0_S00_AXI is either unconnected or has no load
WARNING: [Synth 8-7129] Port S_AXI_WDATA[1] in module my_axi_ip_v1_0_S00_AXI is either unconnected or has no load
WARNING: [Synth 8-7129] Port S_AXI_WDATA[0] in module my_axi_ip_v1_0_S00_AXI is either unconnected or has no load
WARNING: [Synth 8-7129] Port S_AXI_WSTRB[3] in module my_axi_ip_v1_0_S00_AXI is either unconnected or has no load
WARNING: [Synth 8-7129] Port S_AXI_WSTRB[2] in module my_axi_ip_v1_0_S00_AXI is either unconnected or has no load
WARNING: [Synth 8-7129] Port S_AXI_WSTRB[1] in module my_axi_ip_v1_0_S00_AXI is either unconnected or has no load
WARNING: [Synth 8-7129] Port S_AXI_WSTRB[0] in module my_axi_ip_v1_0_S00_AXI is either unconnected or has no load
WARNING: [Synth 8-7129] Port S_AXI_ARADDR[3] in module my_axi_ip_v1_0_S00_AXI is either unconnected or has no load
WARNING: [Synth 8-7129] Port S_AXI_ARADDR[2] in module my_axi_ip_v1_0_S00_AXI is either unconnected or has no load
WARNING: [Synth 8-7129] Port S_AXI_ARADDR[1] in module my_axi_ip_v1_0_S00_AXI is either unconnected or has no load
WARNING: [Synth 8-7129] Port S_AXI_ARADDR[0] in module my_axi_ip_v1_0_S00_AXI is either unconnected or has no load
WARNING: [Synth 8-7129] Port S_AXI_ARPROT[2] in module my_axi_ip_v1_0_S00_AXI is either unconnected or has no load
WARNING: [Synth 8-7129] Port S_AXI_ARPROT[1] in module my_axi_ip_v1_0_S00_AXI is either unconnected or has no load
WARNING: [Synth 8-7129] Port S_AXI_ARPROT[0] in module my_axi_ip_v1_0_S00_AXI is either unconnected or has no load
---------------------------------------------------------------------------------
Finished RTL Elaboration : Time (s): cpu = 00:00:06 ; elapsed = 00:00:06 . Memory (MB): peak = 2809.395 ; gain = 446.738 ; free physical = 12087 ; free virtual = 20826
---------------------------------------------------------------------------------
---------------------------------------------------------------------------------
Start Handling Custom Attributes
---------------------------------------------------------------------------------
---------------------------------------------------------------------------------
Finished Handling Custom Attributes : Time (s): cpu = 00:00:06 ; elapsed = 00:00:06 . Memory (MB): peak = 2827.207 ; gain = 464.551 ; free physical = 12087 ; free virtual = 20826
---------------------------------------------------------------------------------
---------------------------------------------------------------------------------
Finished RTL Optimization Phase 1 : Time (s): cpu = 00:00:06 ; elapsed = 00:00:06 . Memory (MB): peak = 2827.207 ; gain = 464.551 ; free physical = 12087 ; free virtual = 20826
---------------------------------------------------------------------------------
Netlist sorting complete. Time (s): cpu = 00:00:00.01 ; elapsed = 00:00:00 . Memory (MB): peak = 2827.207 ; gain = 0.000 ; free physical = 12087 ; free virtual = 20826
INFO: [Project 1-570] Preparing netlist for logic optimization

Processing XDC Constraints
Initializing timing engine
Completed Processing XDC Constraints

Netlist sorting complete. Time (s): cpu = 00:00:00 ; elapsed = 00:00:00 . Memory (MB): peak = 2977.957 ; gain = 0.000 ; free physical = 12089 ; free virtual = 20828
INFO: [Project 1-111] Unisim Transformation Summary:
No Unisim elements were transformed.

Constraint Validation Runtime : Time (s): cpu = 00:00:00.01 ; elapsed = 00:00:00.01 . Memory (MB): peak = 2977.957 ; gain = 0.000 ; free physical = 12089 ; free virtual = 20828
INFO: [Designutils 20-5008] Incremental synthesis strategy off
---------------------------------------------------------------------------------
Finished Constraint Validation : Time (s): cpu = 00:00:11 ; elapsed = 00:00:12 . Memory (MB): peak = 2977.957 ; gain = 615.301 ; free physical = 12060 ; free virtual = 20799
---------------------------------------------------------------------------------
---------------------------------------------------------------------------------
Start Loading Part and Timing Information
---------------------------------------------------------------------------------
Loading part: xc7z010clg400-1
---------------------------------------------------------------------------------
Finished Loading Part and Timing Information : Time (s): cpu = 00:00:11 ; elapsed = 00:00:12 . Memory (MB): peak = 2977.957 ; gain = 615.301 ; free physical = 12060 ; free virtual = 20799
---------------------------------------------------------------------------------
---------------------------------------------------------------------------------
Start Applying 'set_property' XDC Constraints
---------------------------------------------------------------------------------
---------------------------------------------------------------------------------
Finished applying 'set_property' XDC Constraints : Time (s): cpu = 00:00:11 ; elapsed = 00:00:12 . Memory (MB): peak = 2977.957 ; gain = 615.301 ; free physical = 12060 ; free virtual = 20799
---------------------------------------------------------------------------------
---------------------------------------------------------------------------------
Finished RTL Optimization Phase 2 : Time (s): cpu = 00:00:12 ; elapsed = 00:00:12 . Memory (MB): peak = 2977.957 ; gain = 615.301 ; free physical = 12058 ; free virtual = 20798
---------------------------------------------------------------------------------
---------------------------------------------------------------------------------
Start RTL Component Statistics 
---------------------------------------------------------------------------------
Detailed RTL Component Info : 
+---Adders : 
	   2 Input   32 Bit       Adders := 1     
+---Registers : 
	               32 Bit    Registers := 3     
	                4 Bit    Registers := 1     
	                3 Bit    Registers := 1     
	                2 Bit    Registers := 2     
	                1 Bit    Registers := 9     
+---Muxes : 
	   2 Input   32 Bit        Muxes := 1     
	   6 Input   27 Bit        Muxes := 1     
	   2 Input    1 Bit        Muxes := 5     
	   3 Input    1 Bit        Muxes := 1     
---------------------------------------------------------------------------------
Finished RTL Component Statistics 
---------------------------------------------------------------------------------
---------------------------------------------------------------------------------
Start Part Resource Summary
---------------------------------------------------------------------------------
Part Resources:
DSPs: 80 (col length:40)
BRAMs: 120 (col length: RAMB18 40 RAMB36 20)
---------------------------------------------------------------------------------
Finished Part Resource Summary
---------------------------------------------------------------------------------
---------------------------------------------------------------------------------
Start Cross Boundary and Area Optimization
---------------------------------------------------------------------------------
WARNING: [Synth 8-7080] Parallel synthesis criteria is not met
INFO: [Synth 8-3917] design subsystem_bd_my_axi_ip_0_2 has port rgb[2] driven by constant 1
WARNING: [Synth 8-7129] Port s00_axi_awaddr[3] in module subsystem_bd_my_axi_ip_0_2 is either unconnected or has no load
WARNING: [Synth 8-7129] Port s00_axi_awaddr[2] in module subsystem_bd_my_axi_ip_0_2 is either unconnected or has no load
WARNING: [Synth 8-7129] Port s00_axi_awaddr[1] in module subsystem_bd_my_axi_ip_0_2 is either unconnected or has no load
WARNING: [Synth 8-7129] Port s00_axi_awaddr[0] in module subsystem_bd_my_axi_ip_0_2 is either unconnected or has no load
WARNING: [Synth 8-7129] Port s00_axi_awprot[2] in module subsystem_bd_my_axi_ip_0_2 is either unconnected or has no load
WARNING: [Synth 8-7129] Port s00_axi_awprot[1] in module subsystem_bd_my_axi_ip_0_2 is either unconnected or has no load
WARNING: [Synth 8-7129] Port s00_axi_awprot[0] in module subsystem_bd_my_axi_ip_0_2 is either unconnected or has no load
WARNING: [Synth 8-7129] Port s00_axi_wdata[31] in module subsystem_bd_my_axi_ip_0_2 is either unconnected or has no load
WARNING: [Synth 8-7129] Port s00_axi_wdata[30] in module subsystem_bd_my_axi_ip_0_2 is either unconnected or has no load
WARNING: [Synth 8-7129] Port s00_axi_wdata[29] in module subsystem_bd_my_axi_ip_0_2 is either unconnected or has no load
WARNING: [Synth 8-7129] Port s00_axi_wdata[28] in module subsystem_bd_my_axi_ip_0_2 is either unconnected or has no load
WARNING: [Synth 8-7129] Port s00_axi_wdata[27] in module subsystem_bd_my_axi_ip_0_2 is either unconnected or has no load
WARNING: [Synth 8-7129] Port s00_axi_wdata[26] in module subsystem_bd_my_axi_ip_0_2 is either unconnected or has no load
WARNING: [Synth 8-7129] Port s00_axi_wdata[25] in module subsystem_bd_my_axi_ip_0_2 is either unconnected or has no load
WARNING: [Synth 8-7129] Port s00_axi_wdata[24] in module subsystem_bd_my_axi_ip_0_2 is either unconnected or has no load
WARNING: [Synth 8-7129] Port s00_axi_wdata[23] in module subsystem_bd_my_axi_ip_0_2 is either unconnected or has no load
WARNING: [Synth 8-7129] Port s00_axi_wdata[22] in module subsystem_bd_my_axi_ip_0_2 is either unconnected or has no load
WARNING: [Synth 8-7129] Port s00_axi_wdata[21] in module subsystem_bd_my_axi_ip_0_2 is either unconnected or has no load
WARNING: [Synth 8-7129] Port s00_axi_wdata[20] in module subsystem_bd_my_axi_ip_0_2 is either unconnected or has no load
WARNING: [Synth 8-7129] Port s00_axi_wdata[19] in module subsystem_bd_my_axi_ip_0_2 is either unconnected or has no load
WARNING: [Synth 8-7129] Port s00_axi_wdata[18] in module subsystem_bd_my_axi_ip_0_2 is either unconnected or has no load
WARNING: [Synth 8-7129] Port s00_axi_wdata[17] in module subsystem_bd_my_axi_ip_0_2 is either unconnected or has no load
WARNING: [Synth 8-7129] Port s00_axi_wdata[16] in module subsystem_bd_my_axi_ip_0_2 is either unconnected or has no load
WARNING: [Synth 8-7129] Port s00_axi_wdata[15] in module subsystem_bd_my_axi_ip_0_2 is either unconnected or has no load
WARNING: [Synth 8-7129] Port s00_axi_wdata[14] in module subsystem_bd_my_axi_ip_0_2 is either unconnected or has no load
WARNING: [Synth 8-7129] Port s00_axi_wdata[13] in module subsystem_bd_my_axi_ip_0_2 is either unconnected or has no load
WARNING: [Synth 8-7129] Port s00_axi_wdata[12] in module subsystem_bd_my_axi_ip_0_2 is either unconnected or has no load
WARNING: [Synth 8-7129] Port s00_axi_wdata[11] in module subsystem_bd_my_axi_ip_0_2 is either unconnected or has no load
WARNING: [Synth 8-7129] Port s00_axi_wdata[10] in module subsystem_bd_my_axi_ip_0_2 is either unconnected or has no load
WARNING: [Synth 8-7129] Port s00_axi_wdata[9] in module subsystem_bd_my_axi_ip_0_2 is either unconnected or has no load
WARNING: [Synth 8-7129] Port s00_axi_wdata[8] in module subsystem_bd_my_axi_ip_0_2 is either unconnected or has no load
WARNING: [Synth 8-7129] Port s00_axi_wdata[7] in module subsystem_bd_my_axi_ip_0_2 is either unconnected or has no load
WARNING: [Synth 8-7129] Port s00_axi_wdata[6] in module subsystem_bd_my_axi_ip_0_2 is either unconnected or has no load
WARNING: [Synth 8-7129] Port s00_axi_wdata[5] in module subsystem_bd_my_axi_ip_0_2 is either unconnected or has no load
WARNING: [Synth 8-7129] Port s00_axi_wdata[4] in module subsystem_bd_my_axi_ip_0_2 is either unconnected or has no load
WARNING: [Synth 8-7129] Port s00_axi_wdata[3] in module subsystem_bd_my_axi_ip_0_2 is either unconnected or has no load
WARNING: [Synth 8-7129] Port s00_axi_wdata[2] in module subsystem_bd_my_axi_ip_0_2 is either unconnected or has no load
WARNING: [Synth 8-7129] Port s00_axi_wdata[1] in module subsystem_bd_my_axi_ip_0_2 is either unconnected or has no load
WARNING: [Synth 8-7129] Port s00_axi_wdata[0] in module subsystem_bd_my_axi_ip_0_2 is either unconnected or has no load
WARNING: [Synth 8-7129] Port s00_axi_wstrb[3] in module subsystem_bd_my_axi_ip_0_2 is either unconnected or has no load
WARNING: [Synth 8-7129] Port s00_axi_wstrb[2] in module subsystem_bd_my_axi_ip_0_2 is either unconnected or has no load
WARNING: [Synth 8-7129] Port s00_axi_wstrb[1] in module subsystem_bd_my_axi_ip_0_2 is either unconnected or has no load
WARNING: [Synth 8-7129] Port s00_axi_wstrb[0] in module subsystem_bd_my_axi_ip_0_2 is either unconnected or has no load
WARNING: [Synth 8-7129] Port s00_axi_araddr[3] in module subsystem_bd_my_axi_ip_0_2 is either unconnected or has no load
WARNING: [Synth 8-7129] Port s00_axi_araddr[2] in module subsystem_bd_my_axi_ip_0_2 is either unconnected or has no load
WARNING: [Synth 8-7129] Port s00_axi_araddr[1] in module subsystem_bd_my_axi_ip_0_2 is either unconnected or has no load
WARNING: [Synth 8-7129] Port s00_axi_araddr[0] in module subsystem_bd_my_axi_ip_0_2 is either unconnected or has no load
WARNING: [Synth 8-7129] Port s00_axi_arprot[2] in module subsystem_bd_my_axi_ip_0_2 is either unconnected or has no load
WARNING: [Synth 8-7129] Port s00_axi_arprot[1] in module subsystem_bd_my_axi_ip_0_2 is either unconnected or has no load
WARNING: [Synth 8-7129] Port s00_axi_arprot[0] in module subsystem_bd_my_axi_ip_0_2 is either unconnected or has no load
INFO: [Common 17-14] Message 'Synth 8-7129' appears 100 times and further instances of the messages will be disabled. Use the Tcl command set_msg_config to change the current settings.
---------------------------------------------------------------------------------
Finished Cross Boundary and Area Optimization : Time (s): cpu = 00:00:13 ; elapsed = 00:00:14 . Memory (MB): peak = 2977.957 ; gain = 615.301 ; free physical = 12123 ; free virtual = 20863
---------------------------------------------------------------------------------
---------------------------------------------------------------------------------
Start Applying XDC Timing Constraints
---------------------------------------------------------------------------------
---------------------------------------------------------------------------------
Finished Applying XDC Timing Constraints : Time (s): cpu = 00:00:18 ; elapsed = 00:00:18 . Memory (MB): peak = 2977.957 ; gain = 615.301 ; free physical = 12154 ; free virtual = 20894
---------------------------------------------------------------------------------
---------------------------------------------------------------------------------
Start Timing Optimization
---------------------------------------------------------------------------------
---------------------------------------------------------------------------------
Finished Timing Optimization : Time (s): cpu = 00:00:18 ; elapsed = 00:00:18 . Memory (MB): peak = 2977.957 ; gain = 615.301 ; free physical = 12154 ; free virtual = 20894
---------------------------------------------------------------------------------
---------------------------------------------------------------------------------
Start Technology Mapping
---------------------------------------------------------------------------------
---------------------------------------------------------------------------------
Finished Technology Mapping : Time (s): cpu = 00:00:18 ; elapsed = 00:00:18 . Memory (MB): peak = 2977.957 ; gain = 615.301 ; free physical = 12159 ; free virtual = 20899
---------------------------------------------------------------------------------
---------------------------------------------------------------------------------
Start IO Insertion
---------------------------------------------------------------------------------
---------------------------------------------------------------------------------
Start Flattening Before IO Insertion
---------------------------------------------------------------------------------
---------------------------------------------------------------------------------
Finished Flattening Before IO Insertion
---------------------------------------------------------------------------------
---------------------------------------------------------------------------------
Start Final Netlist Cleanup
---------------------------------------------------------------------------------
---------------------------------------------------------------------------------
Finished Final Netlist Cleanup
---------------------------------------------------------------------------------
---------------------------------------------------------------------------------
Finished IO Insertion : Time (s): cpu = 00:00:22 ; elapsed = 00:00:22 . Memory (MB): peak = 2977.957 ; gain = 615.301 ; free physical = 12173 ; free virtual = 20913
---------------------------------------------------------------------------------
---------------------------------------------------------------------------------
Start Renaming Generated Instances
---------------------------------------------------------------------------------
---------------------------------------------------------------------------------
Finished Renaming Generated Instances : Time (s): cpu = 00:00:22 ; elapsed = 00:00:22 . Memory (MB): peak = 2977.957 ; gain = 615.301 ; free physical = 12173 ; free virtual = 20913
---------------------------------------------------------------------------------
---------------------------------------------------------------------------------
Start Rebuilding User Hierarchy
---------------------------------------------------------------------------------
---------------------------------------------------------------------------------
Finished Rebuilding User Hierarchy : Time (s): cpu = 00:00:22 ; elapsed = 00:00:22 . Memory (MB): peak = 2977.957 ; gain = 615.301 ; free physical = 12173 ; free virtual = 20913
---------------------------------------------------------------------------------
---------------------------------------------------------------------------------
Start Renaming Generated Ports
---------------------------------------------------------------------------------
---------------------------------------------------------------------------------
Finished Renaming Generated Ports : Time (s): cpu = 00:00:22 ; elapsed = 00:00:22 . Memory (MB): peak = 2977.957 ; gain = 615.301 ; free physical = 12173 ; free virtual = 20913
---------------------------------------------------------------------------------
---------------------------------------------------------------------------------
Start Handling Custom Attributes
---------------------------------------------------------------------------------
---------------------------------------------------------------------------------
Finished Handling Custom Attributes : Time (s): cpu = 00:00:22 ; elapsed = 00:00:22 . Memory (MB): peak = 2977.957 ; gain = 615.301 ; free physical = 12173 ; free virtual = 20913
---------------------------------------------------------------------------------
---------------------------------------------------------------------------------
Start Renaming Generated Nets
---------------------------------------------------------------------------------
---------------------------------------------------------------------------------
Finished Renaming Generated Nets : Time (s): cpu = 00:00:22 ; elapsed = 00:00:22 . Memory (MB): peak = 2977.957 ; gain = 615.301 ; free physical = 12173 ; free virtual = 20913
---------------------------------------------------------------------------------
---------------------------------------------------------------------------------
Start Writing Synthesis Report
---------------------------------------------------------------------------------

Report BlackBoxes: 
+-+--------------+----------+
| |BlackBox name |Instances |
+-+--------------+----------+
+-+--------------+----------+

Report Cell Usage: 
+------+-------+------+
|      |Cell   |Count |
+------+-------+------+
|1     |CARRY4 |    35|
|2     |LUT1   |     2|
|3     |LUT2   |    68|
|4     |LUT3   |     5|
|5     |LUT4   |    23|
|6     |LUT5   |    36|
|7     |LUT6   |    21|
|8     |FDCE   |   101|
|9     |FDRE   |    87|
|10    |FDSE   |     1|
+------+-------+------+
---------------------------------------------------------------------------------
Finished Writing Synthesis Report : Time (s): cpu = 00:00:22 ; elapsed = 00:00:22 . Memory (MB): peak = 2977.957 ; gain = 615.301 ; free physical = 12173 ; free virtual = 20913
---------------------------------------------------------------------------------
Synthesis finished with 0 errors, 0 critical warnings and 51 warnings.
Synthesis Optimization Runtime : Time (s): cpu = 00:00:20 ; elapsed = 00:00:21 . Memory (MB): peak = 2977.957 ; gain = 464.551 ; free physical = 12174 ; free virtual = 20913
Synthesis Optimization Complete : Time (s): cpu = 00:00:22 ; elapsed = 00:00:22 . Memory (MB): peak = 2977.957 ; gain = 615.301 ; free physical = 12174 ; free virtual = 20913
INFO: [Project 1-571] Translating synthesized netlist
Netlist sorting complete. Time (s): cpu = 00:00:00 ; elapsed = 00:00:00.01 . Memory (MB): peak = 2977.957 ; gain = 0.000 ; free physical = 12390 ; free virtual = 21130
INFO: [Netlist 29-17] Analyzing 35 Unisim elements for replacement
INFO: [Netlist 29-28] Unisim Transformation completed in 0 CPU seconds
INFO: [Project 1-570] Preparing netlist for logic optimization
INFO: [Opt 31-138] Pushed 0 inverter(s) to 0 load pin(s).
Netlist sorting complete. Time (s): cpu = 00:00:00 ; elapsed = 00:00:00 . Memory (MB): peak = 2977.957 ; gain = 0.000 ; free physical = 12463 ; free virtual = 21203
INFO: [Project 1-111] Unisim Transformation Summary:
No Unisim elements were transformed.

Synth Design complete | Checksum: 4767f34d
INFO: [Common 17-83] Releasing license: Synthesis
35 Infos, 107 Warnings, 0 Critical Warnings and 0 Errors encountered.
synth_design completed successfully
synth_design: Time (s): cpu = 00:00:29 ; elapsed = 00:00:27 . Memory (MB): peak = 2977.957 ; gain = 931.574 ; free physical = 12463 ; free virtual = 21203
INFO: [Common 17-2834] synth_design peak Physical Memory [PSS] (MB): overall = 2498.146; main = 2172.340; forked = 373.072
INFO: [Common 17-2834] synth_design peak Virtual Memory [VSS] (MB): overall = 3924.031; main = 2977.961; forked = 978.086
INFO: [Common 17-1381] The checkpoint '/home/mg/Documents/my-projects/Embedded-System-Design-with-Xilinx-Zynq-SoC-and-Vitis-IDE/custom-axi-ip/hardware/build/custom-axi-ip/custom-axi-ip.runs/subsystem_bd_my_axi_ip_0_2_synth_1/subsystem_bd_my_axi_ip_0_2.dcp' has been generated.
INFO: [Coretcl 2-1648] Added synthesis output to IP cache for IP subsystem_bd_my_axi_ip_0_2, cache-ID = 45ec3e3165973f4c
INFO: [Coretcl 2-1174] Renamed 5 cell refs.
INFO: [Common 17-1381] The checkpoint '/home/mg/Documents/my-projects/Embedded-System-Design-with-Xilinx-Zynq-SoC-and-Vitis-IDE/custom-axi-ip/hardware/build/custom-axi-ip/custom-axi-ip.runs/subsystem_bd_my_axi_ip_0_2_synth_1/subsystem_bd_my_axi_ip_0_2.dcp' has been generated.
INFO: [runtcl-4] Executing : report_utilization -file subsystem_bd_my_axi_ip_0_2_utilization_synth.rpt -pb subsystem_bd_my_axi_ip_0_2_utilization_synth.pb
INFO: [Common 17-206] Exiting Vivado at Wed Oct  2 16:55:10 2024...
