19:32:06 DEBUG : Logs will be stored at '/home/mg/Documents/my-projects/Embedded-System-Design-with-Xilinx-Zynq-SoC-and-Vitis-IDE/debugging_ila/software/IDE.log'.
19:32:10 INFO  : Launching XSCT server: xsct -n  -interactive /home/mg/Documents/my-projects/Embedded-System-Design-with-Xilinx-Zynq-SoC-and-Vitis-IDE/debugging_ila/software/temp_xsdb_launch_script.tcl
19:32:10 INFO  : Registering command handlers for Vitis TCF services
19:32:10 INFO  : Platform repository initialization has completed.
19:32:12 INFO  : XSCT server has started successfully.
19:32:12 INFO  : Successfully done setting XSCT server connection channel  
19:32:12 INFO  : plnx-install-location is set to ''
19:32:12 INFO  : Successfully done query RDI_DATADIR 
19:32:12 INFO  : Successfully done setting workspace for the tool. 
19:32:53 INFO  : Result from executing command 'getProjects': gpio
19:32:53 INFO  : Result from executing command 'getPlatforms': xilinx_zcu102_base_202310_1|/home/mg/Xilinx/Vitis/2023.1/base_platforms/xilinx_zcu102_base_202310_1/xilinx_zcu102_base_202310_1.xpfm;xilinx_zcu102_base_dfx_202310_1|/home/mg/Xilinx/Vitis/2023.1/base_platforms/xilinx_zcu102_base_dfx_202310_1/xilinx_zcu102_base_dfx_202310_1.xpfm;xilinx_zcu104_base_202310_1|/home/mg/Xilinx/Vitis/2023.1/base_platforms/xilinx_zcu104_base_202310_1/xilinx_zcu104_base_202310_1.xpfm
19:33:19 INFO  : Result from executing command 'getProjects': gpio
19:33:19 INFO  : Result from executing command 'getPlatforms': gpio|/home/mg/Documents/my-projects/Embedded-System-Design-with-Xilinx-Zynq-SoC-and-Vitis-IDE/debugging_ila/software/gpio/export/gpio/gpio.xpfm;xilinx_zcu102_base_202310_1|/home/mg/Xilinx/Vitis/2023.1/base_platforms/xilinx_zcu102_base_202310_1/xilinx_zcu102_base_202310_1.xpfm;xilinx_zcu102_base_dfx_202310_1|/home/mg/Xilinx/Vitis/2023.1/base_platforms/xilinx_zcu102_base_dfx_202310_1/xilinx_zcu102_base_dfx_202310_1.xpfm;xilinx_zcu104_base_202310_1|/home/mg/Xilinx/Vitis/2023.1/base_platforms/xilinx_zcu104_base_202310_1/xilinx_zcu104_base_202310_1.xpfm
19:34:57 INFO  : Checking for BSP changes to sync application flags for project 'gpio_sw'...
19:36:07 INFO  : Checking for BSP changes to sync application flags for project 'gpio_sw'...
19:36:23 INFO  : XRT server has started successfully on port '4353'
19:36:24 INFO  : Connected to target on host '127.0.0.1' and port '3121'.
19:36:24 INFO  : Jtag cable 'Digilent Zybo Z7 210351B7A823A' is selected.
19:36:24 INFO  : 'jtag frequency' command is executed.
19:36:24 INFO  : Context for 'APU' is selected.
19:36:24 INFO  : System reset is completed.
19:36:27 INFO  : 'after 3000' command is executed.
19:36:27 INFO  : 'targets -set -filter {jtag_cable_name =~ "Digilent Zybo Z7 210351B7A823A" && level==0 && jtag_device_ctx=="jsn-Zybo Z7-210351B7A823A-13722093-0"}' command is executed.
19:36:28 INFO  : Device configured successfully with "/home/mg/Documents/my-projects/Embedded-System-Design-with-Xilinx-Zynq-SoC-and-Vitis-IDE/debugging_ila/software/gpio_sw/_ide/bitstream/subsystem_db_wrapper.bit"
19:36:28 INFO  : Context for 'APU' is selected.
19:36:28 INFO  : Hardware design and registers information is loaded from '/home/mg/Documents/my-projects/Embedded-System-Design-with-Xilinx-Zynq-SoC-and-Vitis-IDE/debugging_ila/software/gpio/export/gpio/hw/subsystem_db_wrapper.xsa'.
19:36:28 INFO  : 'configparams force-mem-access 1' command is executed.
19:36:28 INFO  : Context for 'APU' is selected.
19:36:28 INFO  : Sourcing of '/home/mg/Documents/my-projects/Embedded-System-Design-with-Xilinx-Zynq-SoC-and-Vitis-IDE/debugging_ila/software/gpio_sw/_ide/psinit/ps7_init.tcl' is done.
19:36:29 INFO  : 'ps7_init' command is executed.
19:36:29 INFO  : 'ps7_post_config' command is executed.
19:36:29 INFO  : Context for processor 'ps7_cortexa9_0' is selected.
19:36:29 INFO  : The application '/home/mg/Documents/my-projects/Embedded-System-Design-with-Xilinx-Zynq-SoC-and-Vitis-IDE/debugging_ila/software/gpio_sw/Debug/gpio_sw.elf' is downloaded to processor 'ps7_cortexa9_0'.
19:36:29 INFO  : 'configparams force-mem-access 0' command is executed.
19:36:29 INFO  : ----------------XSDB Script----------------
connect -url tcp:127.0.0.1:3121
targets -set -nocase -filter {name =~"APU*"}
rst -system
after 3000
targets -set -filter {jtag_cable_name =~ "Digilent Zybo Z7 210351B7A823A" && level==0 && jtag_device_ctx=="jsn-Zybo Z7-210351B7A823A-13722093-0"}
fpga -file /home/mg/Documents/my-projects/Embedded-System-Design-with-Xilinx-Zynq-SoC-and-Vitis-IDE/debugging_ila/software/gpio_sw/_ide/bitstream/subsystem_db_wrapper.bit
targets -set -nocase -filter {name =~"APU*"}
loadhw -hw /home/mg/Documents/my-projects/Embedded-System-Design-with-Xilinx-Zynq-SoC-and-Vitis-IDE/debugging_ila/software/gpio/export/gpio/hw/subsystem_db_wrapper.xsa -mem-ranges [list {0x40000000 0xbfffffff}] -regs
configparams force-mem-access 1
targets -set -nocase -filter {name =~"APU*"}
source /home/mg/Documents/my-projects/Embedded-System-Design-with-Xilinx-Zynq-SoC-and-Vitis-IDE/debugging_ila/software/gpio_sw/_ide/psinit/ps7_init.tcl
ps7_init
ps7_post_config
targets -set -nocase -filter {name =~ "*A9*#0"}
dow /home/mg/Documents/my-projects/Embedded-System-Design-with-Xilinx-Zynq-SoC-and-Vitis-IDE/debugging_ila/software/gpio_sw/Debug/gpio_sw.elf
configparams force-mem-access 0
----------------End of Script----------------

19:36:29 INFO  : Context for processor 'ps7_cortexa9_0' is selected.
19:36:29 INFO  : 'con' command is executed.
19:36:29 INFO  : ----------------XSDB Script (After Launch)----------------
targets -set -nocase -filter {name =~ "*A9*#0"}
con
----------------End of Script----------------

19:36:29 INFO  : Launch script is exported to file '/home/mg/Documents/my-projects/Embedded-System-Design-with-Xilinx-Zynq-SoC-and-Vitis-IDE/debugging_ila/software/gpio_sw_system/_ide/scripts/systemdebugger_gpio_sw_system_standalone.tcl'
19:36:35 INFO  : Disconnected from the channel tcfchan#4.
19:36:36 INFO  : Connected to target on host '127.0.0.1' and port '3121'.
19:36:45 INFO  : ----------------XSDB Script----------------
connect -url tcp:127.0.0.1:3121
----------------End of Script----------------

19:36:45 ERROR : Could not find FPGA device on the board for connection 'Local'.


Troubleshooting hints:
1. Check whether board is connected to system properly.
2. In case of zynq board, check whether Digilent/Xilinx cable switch settings are correct.
3. If you are using Xilinx Platform Cable USB, ensure that status LED is green.
19:40:05 INFO  : Connected to target on host '127.0.0.1' and port '3121'.
19:40:05 INFO  : Jtag cable 'Digilent Zybo Z7 210351B7A823A' is selected.
19:40:05 INFO  : 'jtag frequency' command is executed.
19:40:05 INFO  : Context for 'APU' is selected.
19:40:06 INFO  : System reset is completed.
19:40:09 INFO  : 'after 3000' command is executed.
19:40:09 INFO  : 'targets -set -filter {jtag_cable_name =~ "Digilent Zybo Z7 210351B7A823A" && level==0 && jtag_device_ctx=="jsn-Zybo Z7-210351B7A823A-13722093-0"}' command is executed.
19:40:10 INFO  : Device configured successfully with "/home/mg/Documents/my-projects/Embedded-System-Design-with-Xilinx-Zynq-SoC-and-Vitis-IDE/debugging_ila/software/gpio_sw/_ide/bitstream/subsystem_db_wrapper.bit"
19:40:10 INFO  : Context for 'APU' is selected.
19:40:10 INFO  : Hardware design and registers information is loaded from '/home/mg/Documents/my-projects/Embedded-System-Design-with-Xilinx-Zynq-SoC-and-Vitis-IDE/debugging_ila/software/gpio/export/gpio/hw/subsystem_db_wrapper.xsa'.
19:40:10 INFO  : 'configparams force-mem-access 1' command is executed.
19:40:10 INFO  : Context for 'APU' is selected.
19:40:10 INFO  : Sourcing of '/home/mg/Documents/my-projects/Embedded-System-Design-with-Xilinx-Zynq-SoC-and-Vitis-IDE/debugging_ila/software/gpio_sw/_ide/psinit/ps7_init.tcl' is done.
19:40:10 INFO  : 'ps7_init' command is executed.
19:40:10 INFO  : 'ps7_post_config' command is executed.
19:40:10 INFO  : Context for processor 'ps7_cortexa9_0' is selected.
19:40:10 INFO  : The application '/home/mg/Documents/my-projects/Embedded-System-Design-with-Xilinx-Zynq-SoC-and-Vitis-IDE/debugging_ila/software/gpio_sw/Debug/gpio_sw.elf' is downloaded to processor 'ps7_cortexa9_0'.
19:40:10 INFO  : 'configparams force-mem-access 0' command is executed.
19:40:10 INFO  : ----------------XSDB Script----------------
connect -url tcp:127.0.0.1:3121
targets -set -nocase -filter {name =~"APU*"}
rst -system
after 3000
targets -set -filter {jtag_cable_name =~ "Digilent Zybo Z7 210351B7A823A" && level==0 && jtag_device_ctx=="jsn-Zybo Z7-210351B7A823A-13722093-0"}
fpga -file /home/mg/Documents/my-projects/Embedded-System-Design-with-Xilinx-Zynq-SoC-and-Vitis-IDE/debugging_ila/software/gpio_sw/_ide/bitstream/subsystem_db_wrapper.bit
targets -set -nocase -filter {name =~"APU*"}
loadhw -hw /home/mg/Documents/my-projects/Embedded-System-Design-with-Xilinx-Zynq-SoC-and-Vitis-IDE/debugging_ila/software/gpio/export/gpio/hw/subsystem_db_wrapper.xsa -mem-ranges [list {0x40000000 0xbfffffff}] -regs
configparams force-mem-access 1
targets -set -nocase -filter {name =~"APU*"}
source /home/mg/Documents/my-projects/Embedded-System-Design-with-Xilinx-Zynq-SoC-and-Vitis-IDE/debugging_ila/software/gpio_sw/_ide/psinit/ps7_init.tcl
ps7_init
ps7_post_config
targets -set -nocase -filter {name =~ "*A9*#0"}
dow /home/mg/Documents/my-projects/Embedded-System-Design-with-Xilinx-Zynq-SoC-and-Vitis-IDE/debugging_ila/software/gpio_sw/Debug/gpio_sw.elf
configparams force-mem-access 0
----------------End of Script----------------

19:40:10 INFO  : Context for processor 'ps7_cortexa9_0' is selected.
19:40:10 INFO  : 'con' command is executed.
19:40:10 INFO  : ----------------XSDB Script (After Launch)----------------
targets -set -nocase -filter {name =~ "*A9*#0"}
con
----------------End of Script----------------

19:40:10 INFO  : Launch script is exported to file '/home/mg/Documents/my-projects/Embedded-System-Design-with-Xilinx-Zynq-SoC-and-Vitis-IDE/debugging_ila/software/gpio_sw_system/_ide/scripts/systemdebugger_gpio_sw_system_standalone.tcl'
19:44:50 INFO  : Disconnected from the channel tcfchan#5.
