19:57:57 DEBUG : Logs will be stored at '/home/mg/Documents/my-projects/Embedded-System-Design-with-Xilinx-Zynq-SoC-and-Vitis-IDE/profiling_axi_timer/software/IDE.log'.
19:58:00 INFO  : Launching XSCT server: xsct -n  -interactive /home/mg/Documents/my-projects/Embedded-System-Design-with-Xilinx-Zynq-SoC-and-Vitis-IDE/profiling_axi_timer/software/temp_xsdb_launch_script.tcl
19:58:00 INFO  : Registering command handlers for Vitis TCF services
19:58:01 INFO  : Platform repository initialization has completed.
19:58:04 INFO  : XSCT server has started successfully.
19:58:04 INFO  : plnx-install-location is set to ''
19:58:04 INFO  : Successfully done setting XSCT server connection channel  
19:58:04 INFO  : Successfully done query RDI_DATADIR 
19:58:04 INFO  : Successfully done setting workspace for the tool. 
19:58:58 INFO  : Result from executing command 'getProjects': profiling_axi_tmr
19:58:58 INFO  : Result from executing command 'getPlatforms': xilinx_zcu102_base_202310_1|/home/mg/Xilinx/Vitis/2023.1/base_platforms/xilinx_zcu102_base_202310_1/xilinx_zcu102_base_202310_1.xpfm;xilinx_zcu102_base_dfx_202310_1|/home/mg/Xilinx/Vitis/2023.1/base_platforms/xilinx_zcu102_base_dfx_202310_1/xilinx_zcu102_base_dfx_202310_1.xpfm;xilinx_zcu104_base_202310_1|/home/mg/Xilinx/Vitis/2023.1/base_platforms/xilinx_zcu104_base_202310_1/xilinx_zcu104_base_202310_1.xpfm
19:59:24 INFO  : Result from executing command 'getProjects': profiling_axi_tmr
19:59:24 INFO  : Result from executing command 'getPlatforms': profiling_axi_tmr|/home/mg/Documents/my-projects/Embedded-System-Design-with-Xilinx-Zynq-SoC-and-Vitis-IDE/profiling_axi_timer/software/profiling_axi_tmr/export/profiling_axi_tmr/profiling_axi_tmr.xpfm;xilinx_zcu102_base_202310_1|/home/mg/Xilinx/Vitis/2023.1/base_platforms/xilinx_zcu102_base_202310_1/xilinx_zcu102_base_202310_1.xpfm;xilinx_zcu102_base_dfx_202310_1|/home/mg/Xilinx/Vitis/2023.1/base_platforms/xilinx_zcu102_base_dfx_202310_1/xilinx_zcu102_base_dfx_202310_1.xpfm;xilinx_zcu104_base_202310_1|/home/mg/Xilinx/Vitis/2023.1/base_platforms/xilinx_zcu104_base_202310_1/xilinx_zcu104_base_202310_1.xpfm
20:00:14 INFO  : Checking for BSP changes to sync application flags for project 'profiling_axi_tmr_sw'...
20:04:10 INFO  : Checking for BSP changes to sync application flags for project 'profiling_axi_tmr_sw'...
20:04:30 INFO  : Checking for BSP changes to sync application flags for project 'profiling_axi_tmr_sw'...
20:05:51 INFO  : Checking for BSP changes to sync application flags for project 'profiling_axi_tmr_sw'...
20:06:19 INFO  : XRT server has started successfully on port '4353'
20:06:20 INFO  : Connected to target on host '127.0.0.1' and port '3121'.
20:06:20 INFO  : Jtag cable 'Digilent Zybo Z7 210351B7A823A' is selected.
20:06:20 INFO  : 'jtag frequency' command is executed.
20:06:20 INFO  : Context for 'APU' is selected.
20:06:20 INFO  : System reset is completed.
20:06:23 INFO  : 'after 3000' command is executed.
20:06:23 INFO  : 'targets -set -filter {jtag_cable_name =~ "Digilent Zybo Z7 210351B7A823A" && level==0 && jtag_device_ctx=="jsn-Zybo Z7-210351B7A823A-13722093-0"}' command is executed.
20:06:25 INFO  : Device configured successfully with "/home/mg/Documents/my-projects/Embedded-System-Design-with-Xilinx-Zynq-SoC-and-Vitis-IDE/profiling_axi_timer/software/profiling_axi_tmr_sw/_ide/bitstream/subsystem_db_wrapper.bit"
20:06:25 INFO  : Context for 'APU' is selected.
20:06:25 INFO  : Hardware design and registers information is loaded from '/home/mg/Documents/my-projects/Embedded-System-Design-with-Xilinx-Zynq-SoC-and-Vitis-IDE/profiling_axi_timer/software/profiling_axi_tmr/export/profiling_axi_tmr/hw/subsystem_db_wrapper.xsa'.
20:06:25 INFO  : 'configparams force-mem-access 1' command is executed.
20:06:25 INFO  : Context for 'APU' is selected.
20:06:25 INFO  : Sourcing of '/home/mg/Documents/my-projects/Embedded-System-Design-with-Xilinx-Zynq-SoC-and-Vitis-IDE/profiling_axi_timer/software/profiling_axi_tmr_sw/_ide/psinit/ps7_init.tcl' is done.
20:06:25 INFO  : 'ps7_init' command is executed.
20:06:25 INFO  : 'ps7_post_config' command is executed.
20:06:25 INFO  : Context for processor 'ps7_cortexa9_0' is selected.
20:06:25 INFO  : The application '/home/mg/Documents/my-projects/Embedded-System-Design-with-Xilinx-Zynq-SoC-and-Vitis-IDE/profiling_axi_timer/software/profiling_axi_tmr_sw/Debug/profiling_axi_tmr_sw.elf' is downloaded to processor 'ps7_cortexa9_0'.
20:06:25 INFO  : 'configparams force-mem-access 0' command is executed.
20:06:25 INFO  : ----------------XSDB Script----------------
connect -url tcp:127.0.0.1:3121
targets -set -nocase -filter {name =~"APU*"}
rst -system
after 3000
targets -set -filter {jtag_cable_name =~ "Digilent Zybo Z7 210351B7A823A" && level==0 && jtag_device_ctx=="jsn-Zybo Z7-210351B7A823A-13722093-0"}
fpga -file /home/mg/Documents/my-projects/Embedded-System-Design-with-Xilinx-Zynq-SoC-and-Vitis-IDE/profiling_axi_timer/software/profiling_axi_tmr_sw/_ide/bitstream/subsystem_db_wrapper.bit
targets -set -nocase -filter {name =~"APU*"}
loadhw -hw /home/mg/Documents/my-projects/Embedded-System-Design-with-Xilinx-Zynq-SoC-and-Vitis-IDE/profiling_axi_timer/software/profiling_axi_tmr/export/profiling_axi_tmr/hw/subsystem_db_wrapper.xsa -mem-ranges [list {0x40000000 0xbfffffff}] -regs
configparams force-mem-access 1
targets -set -nocase -filter {name =~"APU*"}
source /home/mg/Documents/my-projects/Embedded-System-Design-with-Xilinx-Zynq-SoC-and-Vitis-IDE/profiling_axi_timer/software/profiling_axi_tmr_sw/_ide/psinit/ps7_init.tcl
ps7_init
ps7_post_config
targets -set -nocase -filter {name =~ "*A9*#0"}
dow /home/mg/Documents/my-projects/Embedded-System-Design-with-Xilinx-Zynq-SoC-and-Vitis-IDE/profiling_axi_timer/software/profiling_axi_tmr_sw/Debug/profiling_axi_tmr_sw.elf
configparams force-mem-access 0
----------------End of Script----------------

20:06:25 INFO  : Context for processor 'ps7_cortexa9_0' is selected.
20:06:25 INFO  : 'con' command is executed.
20:06:25 INFO  : ----------------XSDB Script (After Launch)----------------
targets -set -nocase -filter {name =~ "*A9*#0"}
con
----------------End of Script----------------

20:06:25 INFO  : Launch script is exported to file '/home/mg/Documents/my-projects/Embedded-System-Design-with-Xilinx-Zynq-SoC-and-Vitis-IDE/profiling_axi_timer/software/profiling_axi_tmr_sw_system/_ide/scripts/systemdebugger_profiling_axi_tmr_sw_system_standalone.tcl'
20:07:17 INFO  : Checking for BSP changes to sync application flags for project 'profiling_axi_tmr_sw'...
20:07:29 INFO  : Disconnected from the channel tcfchan#5.
20:07:30 INFO  : Connected to target on host '127.0.0.1' and port '3121'.
20:07:39 INFO  : ----------------XSDB Script----------------
connect -url tcp:127.0.0.1:3121
----------------End of Script----------------

20:07:39 ERROR : Could not find Jtag device on the board for connection 'Local'.


Troubleshooting hints:
1. Check whether board is connected to system properly.
2. In case of zynq board, check whether Digilent/Xilinx cable switch settings are correct.
3. If you are using Xilinx Platform Cable USB, ensure that status LED is green.
20:07:52 INFO  : Connected to target on host '127.0.0.1' and port '3121'.
20:07:52 INFO  : Jtag cable 'Digilent Zybo Z7 210351B7A823A' is selected.
20:07:52 INFO  : 'jtag frequency' command is executed.
20:07:52 INFO  : Context for 'APU' is selected.
20:07:52 INFO  : System reset is completed.
20:07:55 INFO  : 'after 3000' command is executed.
20:07:55 INFO  : 'targets -set -filter {jtag_cable_name =~ "Digilent Zybo Z7 210351B7A823A" && level==0 && jtag_device_ctx=="jsn-Zybo Z7-210351B7A823A-13722093-0"}' command is executed.
20:07:56 INFO  : Device configured successfully with "/home/mg/Documents/my-projects/Embedded-System-Design-with-Xilinx-Zynq-SoC-and-Vitis-IDE/profiling_axi_timer/software/profiling_axi_tmr_sw/_ide/bitstream/subsystem_db_wrapper.bit"
20:07:56 INFO  : Context for 'APU' is selected.
20:07:56 INFO  : Hardware design and registers information is loaded from '/home/mg/Documents/my-projects/Embedded-System-Design-with-Xilinx-Zynq-SoC-and-Vitis-IDE/profiling_axi_timer/software/profiling_axi_tmr/export/profiling_axi_tmr/hw/subsystem_db_wrapper.xsa'.
20:07:56 INFO  : 'configparams force-mem-access 1' command is executed.
20:07:56 INFO  : Context for 'APU' is selected.
20:07:56 INFO  : Sourcing of '/home/mg/Documents/my-projects/Embedded-System-Design-with-Xilinx-Zynq-SoC-and-Vitis-IDE/profiling_axi_timer/software/profiling_axi_tmr_sw/_ide/psinit/ps7_init.tcl' is done.
20:07:57 INFO  : 'ps7_init' command is executed.
20:07:57 INFO  : 'ps7_post_config' command is executed.
20:07:57 INFO  : Context for processor 'ps7_cortexa9_0' is selected.
20:07:57 INFO  : The application '/home/mg/Documents/my-projects/Embedded-System-Design-with-Xilinx-Zynq-SoC-and-Vitis-IDE/profiling_axi_timer/software/profiling_axi_tmr_sw/Debug/profiling_axi_tmr_sw.elf' is downloaded to processor 'ps7_cortexa9_0'.
20:07:57 INFO  : 'configparams force-mem-access 0' command is executed.
20:07:57 INFO  : ----------------XSDB Script----------------
connect -url tcp:127.0.0.1:3121
targets -set -nocase -filter {name =~"APU*"}
rst -system
after 3000
targets -set -filter {jtag_cable_name =~ "Digilent Zybo Z7 210351B7A823A" && level==0 && jtag_device_ctx=="jsn-Zybo Z7-210351B7A823A-13722093-0"}
fpga -file /home/mg/Documents/my-projects/Embedded-System-Design-with-Xilinx-Zynq-SoC-and-Vitis-IDE/profiling_axi_timer/software/profiling_axi_tmr_sw/_ide/bitstream/subsystem_db_wrapper.bit
targets -set -nocase -filter {name =~"APU*"}
loadhw -hw /home/mg/Documents/my-projects/Embedded-System-Design-with-Xilinx-Zynq-SoC-and-Vitis-IDE/profiling_axi_timer/software/profiling_axi_tmr/export/profiling_axi_tmr/hw/subsystem_db_wrapper.xsa -mem-ranges [list {0x40000000 0xbfffffff}] -regs
configparams force-mem-access 1
targets -set -nocase -filter {name =~"APU*"}
source /home/mg/Documents/my-projects/Embedded-System-Design-with-Xilinx-Zynq-SoC-and-Vitis-IDE/profiling_axi_timer/software/profiling_axi_tmr_sw/_ide/psinit/ps7_init.tcl
ps7_init
ps7_post_config
targets -set -nocase -filter {name =~ "*A9*#0"}
dow /home/mg/Documents/my-projects/Embedded-System-Design-with-Xilinx-Zynq-SoC-and-Vitis-IDE/profiling_axi_timer/software/profiling_axi_tmr_sw/Debug/profiling_axi_tmr_sw.elf
configparams force-mem-access 0
----------------End of Script----------------

20:07:57 INFO  : Context for processor 'ps7_cortexa9_0' is selected.
20:07:57 INFO  : 'con' command is executed.
20:07:57 INFO  : ----------------XSDB Script (After Launch)----------------
targets -set -nocase -filter {name =~ "*A9*#0"}
con
----------------End of Script----------------

20:07:57 INFO  : Launch script is exported to file '/home/mg/Documents/my-projects/Embedded-System-Design-with-Xilinx-Zynq-SoC-and-Vitis-IDE/profiling_axi_timer/software/profiling_axi_tmr_sw_system/_ide/scripts/systemdebugger_profiling_axi_tmr_sw_system_standalone.tcl'
20:08:47 INFO  : Checking for BSP changes to sync application flags for project 'profiling_axi_tmr_sw'...
20:08:58 INFO  : Disconnected from the channel tcfchan#7.
20:08:59 INFO  : Connected to target on host '127.0.0.1' and port '3121'.
20:08:59 INFO  : Jtag cable 'Digilent Zybo Z7 210351B7A823A' is selected.
20:08:59 INFO  : 'jtag frequency' command is executed.
20:08:59 INFO  : Context for 'APU' is selected.
20:08:59 INFO  : System reset is completed.
20:09:02 INFO  : 'after 3000' command is executed.
20:09:02 INFO  : 'targets -set -filter {jtag_cable_name =~ "Digilent Zybo Z7 210351B7A823A" && level==0 && jtag_device_ctx=="jsn-Zybo Z7-210351B7A823A-13722093-0"}' command is executed.
20:09:04 INFO  : Device configured successfully with "/home/mg/Documents/my-projects/Embedded-System-Design-with-Xilinx-Zynq-SoC-and-Vitis-IDE/profiling_axi_timer/software/profiling_axi_tmr_sw/_ide/bitstream/subsystem_db_wrapper.bit"
20:09:04 INFO  : Context for 'APU' is selected.
20:09:04 INFO  : Hardware design and registers information is loaded from '/home/mg/Documents/my-projects/Embedded-System-Design-with-Xilinx-Zynq-SoC-and-Vitis-IDE/profiling_axi_timer/software/profiling_axi_tmr/export/profiling_axi_tmr/hw/subsystem_db_wrapper.xsa'.
20:09:04 INFO  : 'configparams force-mem-access 1' command is executed.
20:09:04 INFO  : Context for 'APU' is selected.
20:09:04 INFO  : Sourcing of '/home/mg/Documents/my-projects/Embedded-System-Design-with-Xilinx-Zynq-SoC-and-Vitis-IDE/profiling_axi_timer/software/profiling_axi_tmr_sw/_ide/psinit/ps7_init.tcl' is done.
20:09:04 INFO  : 'ps7_init' command is executed.
20:09:04 INFO  : 'ps7_post_config' command is executed.
20:09:04 INFO  : Context for processor 'ps7_cortexa9_0' is selected.
20:09:04 INFO  : The application '/home/mg/Documents/my-projects/Embedded-System-Design-with-Xilinx-Zynq-SoC-and-Vitis-IDE/profiling_axi_timer/software/profiling_axi_tmr_sw/Debug/profiling_axi_tmr_sw.elf' is downloaded to processor 'ps7_cortexa9_0'.
20:09:04 INFO  : 'configparams force-mem-access 0' command is executed.
20:09:04 INFO  : ----------------XSDB Script----------------
connect -url tcp:127.0.0.1:3121
targets -set -nocase -filter {name =~"APU*"}
rst -system
after 3000
targets -set -filter {jtag_cable_name =~ "Digilent Zybo Z7 210351B7A823A" && level==0 && jtag_device_ctx=="jsn-Zybo Z7-210351B7A823A-13722093-0"}
fpga -file /home/mg/Documents/my-projects/Embedded-System-Design-with-Xilinx-Zynq-SoC-and-Vitis-IDE/profiling_axi_timer/software/profiling_axi_tmr_sw/_ide/bitstream/subsystem_db_wrapper.bit
targets -set -nocase -filter {name =~"APU*"}
loadhw -hw /home/mg/Documents/my-projects/Embedded-System-Design-with-Xilinx-Zynq-SoC-and-Vitis-IDE/profiling_axi_timer/software/profiling_axi_tmr/export/profiling_axi_tmr/hw/subsystem_db_wrapper.xsa -mem-ranges [list {0x40000000 0xbfffffff}] -regs
configparams force-mem-access 1
targets -set -nocase -filter {name =~"APU*"}
source /home/mg/Documents/my-projects/Embedded-System-Design-with-Xilinx-Zynq-SoC-and-Vitis-IDE/profiling_axi_timer/software/profiling_axi_tmr_sw/_ide/psinit/ps7_init.tcl
ps7_init
ps7_post_config
targets -set -nocase -filter {name =~ "*A9*#0"}
dow /home/mg/Documents/my-projects/Embedded-System-Design-with-Xilinx-Zynq-SoC-and-Vitis-IDE/profiling_axi_timer/software/profiling_axi_tmr_sw/Debug/profiling_axi_tmr_sw.elf
configparams force-mem-access 0
----------------End of Script----------------

20:09:04 INFO  : Context for processor 'ps7_cortexa9_0' is selected.
20:09:04 INFO  : 'con' command is executed.
20:09:04 INFO  : ----------------XSDB Script (After Launch)----------------
targets -set -nocase -filter {name =~ "*A9*#0"}
con
----------------End of Script----------------

20:09:04 INFO  : Launch script is exported to file '/home/mg/Documents/my-projects/Embedded-System-Design-with-Xilinx-Zynq-SoC-and-Vitis-IDE/profiling_axi_timer/software/profiling_axi_tmr_sw_system/_ide/scripts/systemdebugger_profiling_axi_tmr_sw_system_standalone.tcl'
20:09:46 INFO  : Disconnected from the channel tcfchan#9.
