20:37:26 DEBUG : Logs will be stored at '/home/mg/Documents/my-projects/Embedded-System-Design-with-Xilinx-Zynq-SoC-and-Vitis-IDE/profiling_vitis_profiler/software/IDE.log'.
20:37:30 INFO  : Launching XSCT server: xsct -n  -interactive /home/mg/Documents/my-projects/Embedded-System-Design-with-Xilinx-Zynq-SoC-and-Vitis-IDE/profiling_vitis_profiler/software/temp_xsdb_launch_script.tcl
20:37:30 INFO  : Registering command handlers for Vitis TCF services
20:37:30 INFO  : Platform repository initialization has completed.
20:37:32 INFO  : XSCT server has started successfully.
20:37:32 INFO  : plnx-install-location is set to ''
20:37:32 INFO  : Successfully done setting XSCT server connection channel  
20:37:32 INFO  : Successfully done query RDI_DATADIR 
20:37:32 INFO  : Successfully done setting workspace for the tool. 
20:38:12 INFO  : Result from executing command 'getProjects': vitis_profiler
20:38:12 INFO  : Result from executing command 'getPlatforms': xilinx_zcu102_base_202310_1|/home/mg/Xilinx/Vitis/2023.1/base_platforms/xilinx_zcu102_base_202310_1/xilinx_zcu102_base_202310_1.xpfm;xilinx_zcu102_base_dfx_202310_1|/home/mg/Xilinx/Vitis/2023.1/base_platforms/xilinx_zcu102_base_dfx_202310_1/xilinx_zcu102_base_dfx_202310_1.xpfm;xilinx_zcu104_base_202310_1|/home/mg/Xilinx/Vitis/2023.1/base_platforms/xilinx_zcu104_base_202310_1/xilinx_zcu104_base_202310_1.xpfm
20:38:35 INFO  : Result from executing command 'getProjects': vitis_profiler
20:38:35 INFO  : Result from executing command 'getPlatforms': vitis_profiler|/home/mg/Documents/my-projects/Embedded-System-Design-with-Xilinx-Zynq-SoC-and-Vitis-IDE/profiling_vitis_profiler/software/vitis_profiler/export/vitis_profiler/vitis_profiler.xpfm;xilinx_zcu102_base_202310_1|/home/mg/Xilinx/Vitis/2023.1/base_platforms/xilinx_zcu102_base_202310_1/xilinx_zcu102_base_202310_1.xpfm;xilinx_zcu102_base_dfx_202310_1|/home/mg/Xilinx/Vitis/2023.1/base_platforms/xilinx_zcu102_base_dfx_202310_1/xilinx_zcu102_base_dfx_202310_1.xpfm;xilinx_zcu104_base_202310_1|/home/mg/Xilinx/Vitis/2023.1/base_platforms/xilinx_zcu104_base_202310_1/xilinx_zcu104_base_202310_1.xpfm
20:41:32 INFO  : Result from executing command 'getProjects': vitis_profiler
20:41:32 INFO  : Result from executing command 'getPlatforms': vitis_profiler|/home/mg/Documents/my-projects/Embedded-System-Design-with-Xilinx-Zynq-SoC-and-Vitis-IDE/profiling_vitis_profiler/software/vitis_profiler/export/vitis_profiler/vitis_profiler.xpfm;xilinx_zcu102_base_202310_1|/home/mg/Xilinx/Vitis/2023.1/base_platforms/xilinx_zcu102_base_202310_1/xilinx_zcu102_base_202310_1.xpfm;xilinx_zcu102_base_dfx_202310_1|/home/mg/Xilinx/Vitis/2023.1/base_platforms/xilinx_zcu102_base_dfx_202310_1/xilinx_zcu102_base_dfx_202310_1.xpfm;xilinx_zcu104_base_202310_1|/home/mg/Xilinx/Vitis/2023.1/base_platforms/xilinx_zcu104_base_202310_1/xilinx_zcu104_base_202310_1.xpfm
20:42:44 INFO  : Checking for BSP changes to sync application flags for project 'vitis_profiler_sw'...
20:42:47 INFO  : Updating application flags with new BSP settings...
20:42:47 INFO  : Successfully updated application flags for project vitis_profiler_sw.
20:45:17 INFO  : Checking for BSP changes to sync application flags for project 'vitis_profiler_sw'...
20:47:47 INFO  : Connected to target on host '127.0.0.1' and port '3121'.
20:47:48 INFO  : Jtag cable 'Digilent Zybo Z7 210351B7A823A' is selected.
20:47:48 INFO  : 'jtag frequency' command is executed.
20:47:48 INFO  : Context for 'APU' is selected.
20:47:48 INFO  : System reset is completed.
20:47:51 INFO  : 'after 3000' command is executed.
20:47:51 INFO  : 'targets -set -filter {jtag_cable_name =~ "Digilent Zybo Z7 210351B7A823A" && level==0 && jtag_device_ctx=="jsn-Zybo Z7-210351B7A823A-13722093-0"}' command is executed.
20:47:52 INFO  : Device configured successfully with "/home/mg/Documents/my-projects/Embedded-System-Design-with-Xilinx-Zynq-SoC-and-Vitis-IDE/profiling_vitis_profiler/software/vitis_profiler_sw/_ide/bitstream/subsystem_db_wrapper.bit"
20:47:52 INFO  : Context for 'APU' is selected.
20:47:52 INFO  : Hardware design and registers information is loaded from '/home/mg/Documents/my-projects/Embedded-System-Design-with-Xilinx-Zynq-SoC-and-Vitis-IDE/profiling_vitis_profiler/software/vitis_profiler/export/vitis_profiler/hw/subsystem_db_wrapper.xsa'.
20:47:52 INFO  : 'configparams force-mem-access 1' command is executed.
20:47:52 INFO  : Context for 'APU' is selected.
20:47:52 INFO  : Sourcing of '/home/mg/Documents/my-projects/Embedded-System-Design-with-Xilinx-Zynq-SoC-and-Vitis-IDE/profiling_vitis_profiler/software/vitis_profiler_sw/_ide/psinit/ps7_init.tcl' is done.
20:47:52 INFO  : 'ps7_init' command is executed.
20:47:52 INFO  : 'ps7_post_config' command is executed.
20:47:52 INFO  : Context for processor 'ps7_cortexa9_0' is selected.
20:47:52 INFO  : 'profile -freq 1000000 -scratchaddr 0x10000000' command is executed.
20:47:54 INFO  : The application '/home/mg/Documents/my-projects/Embedded-System-Design-with-Xilinx-Zynq-SoC-and-Vitis-IDE/profiling_vitis_profiler/software/vitis_profiler_sw/Debug/vitis_profiler_sw.elf' is downloaded to processor 'ps7_cortexa9_0'.
20:47:54 INFO  : 'configparams force-mem-access 0' command is executed.
20:47:54 INFO  : ----------------XSDB Script----------------
connect -url tcp:127.0.0.1:3121
targets -set -nocase -filter {name =~"APU*"}
rst -system
after 3000
targets -set -filter {jtag_cable_name =~ "Digilent Zybo Z7 210351B7A823A" && level==0 && jtag_device_ctx=="jsn-Zybo Z7-210351B7A823A-13722093-0"}
fpga -file /home/mg/Documents/my-projects/Embedded-System-Design-with-Xilinx-Zynq-SoC-and-Vitis-IDE/profiling_vitis_profiler/software/vitis_profiler_sw/_ide/bitstream/subsystem_db_wrapper.bit
targets -set -nocase -filter {name =~"APU*"}
loadhw -hw /home/mg/Documents/my-projects/Embedded-System-Design-with-Xilinx-Zynq-SoC-and-Vitis-IDE/profiling_vitis_profiler/software/vitis_profiler/export/vitis_profiler/hw/subsystem_db_wrapper.xsa -mem-ranges [list {0x40000000 0xbfffffff}] -regs
configparams force-mem-access 1
targets -set -nocase -filter {name =~"APU*"}
source /home/mg/Documents/my-projects/Embedded-System-Design-with-Xilinx-Zynq-SoC-and-Vitis-IDE/profiling_vitis_profiler/software/vitis_profiler_sw/_ide/psinit/ps7_init.tcl
ps7_init
ps7_post_config
targets -set -nocase -filter {name =~ "*A9*#0"}
profile -freq 1000000 -scratchaddr 0x10000000
dow /home/mg/Documents/my-projects/Embedded-System-Design-with-Xilinx-Zynq-SoC-and-Vitis-IDE/profiling_vitis_profiler/software/vitis_profiler_sw/Debug/vitis_profiler_sw.elf
configparams force-mem-access 0
----------------End of Script----------------

20:47:54 INFO  : Context for processor 'ps7_cortexa9_0' is selected.
20:47:54 INFO  : 'set bpid [bpadd -addr &_exit]' command is executed.
20:47:54 INFO  : 'con -block' command is executed.
20:47:54 INFO  : 'profile -out /home/mg/Documents/my-projects/Embedded-System-Design-with-Xilinx-Zynq-SoC-and-Vitis-IDE/profiling_vitis_profiler/software/vitis_profiler_sw/Debug/gmon.out' command is executed.
20:47:54 INFO  : 'bpremove $bpid' command is executed.
20:47:54 INFO  : 'con' command is executed.
20:47:54 INFO  : ----------------XSDB Script (After Launch)----------------
targets -set -nocase -filter {name =~ "*A9*#0"}
set bpid [bpadd -addr &_exit]
con -block
profile -out /home/mg/Documents/my-projects/Embedded-System-Design-with-Xilinx-Zynq-SoC-and-Vitis-IDE/profiling_vitis_profiler/software/vitis_profiler_sw/Debug/gmon.out
bpremove $bpid
con
----------------End of Script----------------

20:47:54 INFO  : Launch script is exported to file '/home/mg/Documents/my-projects/Embedded-System-Design-with-Xilinx-Zynq-SoC-and-Vitis-IDE/profiling_vitis_profiler/software/vitis_profiler_sw_system/_ide/scripts/debugger_vitis_profiler_sw-default.tcl'
20:49:10 INFO  : Disconnected from the channel tcfchan#5.
