17:17:03 DEBUG : Logs will be stored at '/home/mg/Documents/my-projects/Embedded-System-Design-with-Xilinx-Zynq-SoC-and-Vitis-IDE/interrupt_private_scu_timer/software/IDE.log'.
17:17:06 INFO  : Launching XSCT server: xsct -n  -interactive /home/mg/Documents/my-projects/Embedded-System-Design-with-Xilinx-Zynq-SoC-and-Vitis-IDE/interrupt_private_scu_timer/software/temp_xsdb_launch_script.tcl
17:17:06 INFO  : Registering command handlers for Vitis TCF services
17:17:06 INFO  : Platform repository initialization has completed.
17:17:08 INFO  : XSCT server has started successfully.
17:17:08 INFO  : Successfully done setting XSCT server connection channel  
17:17:08 INFO  : plnx-install-location is set to ''
17:17:08 INFO  : Successfully done setting workspace for the tool. 
17:17:08 INFO  : Successfully done query RDI_DATADIR 
17:17:44 INFO  : Result from executing command 'getProjects': priv_scu_tmr_intr
17:17:44 INFO  : Result from executing command 'getPlatforms': xilinx_zcu102_base_202310_1|/home/mg/Xilinx/Vitis/2023.1/base_platforms/xilinx_zcu102_base_202310_1/xilinx_zcu102_base_202310_1.xpfm;xilinx_zcu102_base_dfx_202310_1|/home/mg/Xilinx/Vitis/2023.1/base_platforms/xilinx_zcu102_base_dfx_202310_1/xilinx_zcu102_base_dfx_202310_1.xpfm;xilinx_zcu104_base_202310_1|/home/mg/Xilinx/Vitis/2023.1/base_platforms/xilinx_zcu104_base_202310_1/xilinx_zcu104_base_202310_1.xpfm
17:18:03 INFO  : Result from executing command 'getProjects': priv_scu_tmr_intr
17:18:03 INFO  : Result from executing command 'getPlatforms': priv_scu_tmr_intr|/home/mg/Documents/my-projects/Embedded-System-Design-with-Xilinx-Zynq-SoC-and-Vitis-IDE/interrupt_private_scu_timer/software/priv_scu_tmr_intr/export/priv_scu_tmr_intr/priv_scu_tmr_intr.xpfm;xilinx_zcu102_base_202310_1|/home/mg/Xilinx/Vitis/2023.1/base_platforms/xilinx_zcu102_base_202310_1/xilinx_zcu102_base_202310_1.xpfm;xilinx_zcu102_base_dfx_202310_1|/home/mg/Xilinx/Vitis/2023.1/base_platforms/xilinx_zcu102_base_dfx_202310_1/xilinx_zcu102_base_dfx_202310_1.xpfm;xilinx_zcu104_base_202310_1|/home/mg/Xilinx/Vitis/2023.1/base_platforms/xilinx_zcu104_base_202310_1/xilinx_zcu104_base_202310_1.xpfm
17:26:57 INFO  : Checking for BSP changes to sync application flags for project 'priv_scu_tmr_intr_sw'...
17:27:08 INFO  : XRT server has started successfully on port '4354'
17:27:08 INFO  : Connected to target on host '127.0.0.1' and port '3121'.
17:27:09 INFO  : Jtag cable 'Digilent Zybo Z7 210351B7A823A' is selected.
17:27:09 INFO  : 'jtag frequency' command is executed.
17:27:09 INFO  : Context for 'APU' is selected.
17:27:09 INFO  : System reset is completed.
17:27:12 INFO  : 'after 3000' command is executed.
17:27:12 INFO  : 'targets -set -filter {jtag_cable_name =~ "Digilent Zybo Z7 210351B7A823A" && level==0 && jtag_device_ctx=="jsn-Zybo Z7-210351B7A823A-13722093-0"}' command is executed.
17:27:13 INFO  : Device configured successfully with "/home/mg/Documents/my-projects/Embedded-System-Design-with-Xilinx-Zynq-SoC-and-Vitis-IDE/interrupt_private_scu_timer/software/priv_scu_tmr_intr_sw/_ide/bitstream/subsystem_bd_wrapper.bit"
17:27:13 INFO  : Context for 'APU' is selected.
17:27:13 INFO  : Hardware design and registers information is loaded from '/home/mg/Documents/my-projects/Embedded-System-Design-with-Xilinx-Zynq-SoC-and-Vitis-IDE/interrupt_private_scu_timer/software/priv_scu_tmr_intr/export/priv_scu_tmr_intr/hw/subsystem_bd_wrapper.xsa'.
17:27:13 INFO  : 'configparams force-mem-access 1' command is executed.
17:27:13 INFO  : Context for 'APU' is selected.
17:27:13 INFO  : Sourcing of '/home/mg/Documents/my-projects/Embedded-System-Design-with-Xilinx-Zynq-SoC-and-Vitis-IDE/interrupt_private_scu_timer/software/priv_scu_tmr_intr_sw/_ide/psinit/ps7_init.tcl' is done.
17:27:13 INFO  : 'ps7_init' command is executed.
17:27:13 INFO  : 'ps7_post_config' command is executed.
17:27:13 INFO  : Context for processor 'ps7_cortexa9_0' is selected.
17:27:14 INFO  : The application '/home/mg/Documents/my-projects/Embedded-System-Design-with-Xilinx-Zynq-SoC-and-Vitis-IDE/interrupt_private_scu_timer/software/priv_scu_tmr_intr_sw/Debug/priv_scu_tmr_intr_sw.elf' is downloaded to processor 'ps7_cortexa9_0'.
17:27:14 INFO  : 'configparams force-mem-access 0' command is executed.
17:27:14 INFO  : ----------------XSDB Script----------------
connect -url tcp:127.0.0.1:3121
targets -set -nocase -filter {name =~"APU*"}
rst -system
after 3000
targets -set -filter {jtag_cable_name =~ "Digilent Zybo Z7 210351B7A823A" && level==0 && jtag_device_ctx=="jsn-Zybo Z7-210351B7A823A-13722093-0"}
fpga -file /home/mg/Documents/my-projects/Embedded-System-Design-with-Xilinx-Zynq-SoC-and-Vitis-IDE/interrupt_private_scu_timer/software/priv_scu_tmr_intr_sw/_ide/bitstream/subsystem_bd_wrapper.bit
targets -set -nocase -filter {name =~"APU*"}
loadhw -hw /home/mg/Documents/my-projects/Embedded-System-Design-with-Xilinx-Zynq-SoC-and-Vitis-IDE/interrupt_private_scu_timer/software/priv_scu_tmr_intr/export/priv_scu_tmr_intr/hw/subsystem_bd_wrapper.xsa -mem-ranges [list {0x40000000 0xbfffffff}] -regs
configparams force-mem-access 1
targets -set -nocase -filter {name =~"APU*"}
source /home/mg/Documents/my-projects/Embedded-System-Design-with-Xilinx-Zynq-SoC-and-Vitis-IDE/interrupt_private_scu_timer/software/priv_scu_tmr_intr_sw/_ide/psinit/ps7_init.tcl
ps7_init
ps7_post_config
targets -set -nocase -filter {name =~ "*A9*#0"}
dow /home/mg/Documents/my-projects/Embedded-System-Design-with-Xilinx-Zynq-SoC-and-Vitis-IDE/interrupt_private_scu_timer/software/priv_scu_tmr_intr_sw/Debug/priv_scu_tmr_intr_sw.elf
configparams force-mem-access 0
----------------End of Script----------------

17:27:14 INFO  : Context for processor 'ps7_cortexa9_0' is selected.
17:27:14 INFO  : 'con' command is executed.
17:27:14 INFO  : ----------------XSDB Script (After Launch)----------------
targets -set -nocase -filter {name =~ "*A9*#0"}
con
----------------End of Script----------------

17:27:14 INFO  : Launch script is exported to file '/home/mg/Documents/my-projects/Embedded-System-Design-with-Xilinx-Zynq-SoC-and-Vitis-IDE/interrupt_private_scu_timer/software/priv_scu_tmr_intr_sw_system/_ide/scripts/systemdebugger_priv_scu_tmr_intr_sw_system_standalone.tcl'
17:30:20 INFO  : Disconnected from the channel tcfchan#2.
