16:52:57 DEBUG : Logs will be stored at '/home/mg/Documents/my-projects/Embedded-System-Design-with-Xilinx-Zynq-SoC-and-Vitis-IDE/interrupt_axi_timer/software/IDE.log'.
16:53:21 INFO  : Launching XSCT server: xsct -n  -interactive /home/mg/Documents/my-projects/Embedded-System-Design-with-Xilinx-Zynq-SoC-and-Vitis-IDE/interrupt_axi_timer/software/temp_xsdb_launch_script.tcl
16:53:21 INFO  : Registering command handlers for Vitis TCF services
16:53:21 INFO  : Platform repository initialization has completed.
16:53:23 INFO  : XSCT server has started successfully.
16:53:23 INFO  : plnx-install-location is set to ''
16:53:23 INFO  : Successfully done setting XSCT server connection channel  
16:53:23 INFO  : Successfully done query RDI_DATADIR 
16:53:23 INFO  : Successfully done setting workspace for the tool. 
16:54:06 INFO  : Result from executing command 'getProjects': axi_tmr_intr
16:54:06 INFO  : Result from executing command 'getPlatforms': xilinx_zcu102_base_202310_1|/home/mg/Xilinx/Vitis/2023.1/base_platforms/xilinx_zcu102_base_202310_1/xilinx_zcu102_base_202310_1.xpfm;xilinx_zcu102_base_dfx_202310_1|/home/mg/Xilinx/Vitis/2023.1/base_platforms/xilinx_zcu102_base_dfx_202310_1/xilinx_zcu102_base_dfx_202310_1.xpfm;xilinx_zcu104_base_202310_1|/home/mg/Xilinx/Vitis/2023.1/base_platforms/xilinx_zcu104_base_202310_1/xilinx_zcu104_base_202310_1.xpfm
16:54:24 INFO  : Result from executing command 'getProjects': axi_tmr_intr
16:54:24 INFO  : Result from executing command 'getPlatforms': axi_tmr_intr|/home/mg/Documents/my-projects/Embedded-System-Design-with-Xilinx-Zynq-SoC-and-Vitis-IDE/interrupt_axi_timer/software/axi_tmr_intr/export/axi_tmr_intr/axi_tmr_intr.xpfm;xilinx_zcu102_base_202310_1|/home/mg/Xilinx/Vitis/2023.1/base_platforms/xilinx_zcu102_base_202310_1/xilinx_zcu102_base_202310_1.xpfm;xilinx_zcu102_base_dfx_202310_1|/home/mg/Xilinx/Vitis/2023.1/base_platforms/xilinx_zcu102_base_dfx_202310_1/xilinx_zcu102_base_dfx_202310_1.xpfm;xilinx_zcu104_base_202310_1|/home/mg/Xilinx/Vitis/2023.1/base_platforms/xilinx_zcu104_base_202310_1/xilinx_zcu104_base_202310_1.xpfm
16:55:17 INFO  : Checking for BSP changes to sync application flags for project 'axi_tmr_intr_sw'...
17:05:33 INFO  : Checking for BSP changes to sync application flags for project 'axi_tmr_intr_sw'...
17:05:45 INFO  : XRT server has started successfully on port '4354'
17:05:46 INFO  : Connected to target on host '127.0.0.1' and port '3121'.
17:05:46 INFO  : Jtag cable 'Digilent Zybo Z7 210351B7A823A' is selected.
17:05:46 INFO  : 'jtag frequency' command is executed.
17:05:46 INFO  : Context for 'APU' is selected.
17:05:46 INFO  : System reset is completed.
17:05:49 INFO  : 'after 3000' command is executed.
17:05:49 INFO  : 'targets -set -filter {jtag_cable_name =~ "Digilent Zybo Z7 210351B7A823A" && level==0 && jtag_device_ctx=="jsn-Zybo Z7-210351B7A823A-13722093-0"}' command is executed.
17:05:51 INFO  : Device configured successfully with "/home/mg/Documents/my-projects/Embedded-System-Design-with-Xilinx-Zynq-SoC-and-Vitis-IDE/interrupt_axi_timer/software/axi_tmr_intr_sw/_ide/bitstream/subsystem_bd_wrapper.bit"
17:05:51 INFO  : Context for 'APU' is selected.
17:05:51 INFO  : Hardware design and registers information is loaded from '/home/mg/Documents/my-projects/Embedded-System-Design-with-Xilinx-Zynq-SoC-and-Vitis-IDE/interrupt_axi_timer/software/axi_tmr_intr/export/axi_tmr_intr/hw/subsystem_bd_wrapper.xsa'.
17:05:51 INFO  : 'configparams force-mem-access 1' command is executed.
17:05:51 INFO  : Context for 'APU' is selected.
17:05:51 INFO  : Sourcing of '/home/mg/Documents/my-projects/Embedded-System-Design-with-Xilinx-Zynq-SoC-and-Vitis-IDE/interrupt_axi_timer/software/axi_tmr_intr_sw/_ide/psinit/ps7_init.tcl' is done.
17:05:51 INFO  : 'ps7_init' command is executed.
17:05:51 INFO  : 'ps7_post_config' command is executed.
17:05:51 INFO  : Context for processor 'ps7_cortexa9_0' is selected.
17:05:51 INFO  : The application '/home/mg/Documents/my-projects/Embedded-System-Design-with-Xilinx-Zynq-SoC-and-Vitis-IDE/interrupt_axi_timer/software/axi_tmr_intr_sw/Debug/axi_tmr_intr_sw.elf' is downloaded to processor 'ps7_cortexa9_0'.
17:05:51 INFO  : 'configparams force-mem-access 0' command is executed.
17:05:51 INFO  : ----------------XSDB Script----------------
connect -url tcp:127.0.0.1:3121
targets -set -nocase -filter {name =~"APU*"}
rst -system
after 3000
targets -set -filter {jtag_cable_name =~ "Digilent Zybo Z7 210351B7A823A" && level==0 && jtag_device_ctx=="jsn-Zybo Z7-210351B7A823A-13722093-0"}
fpga -file /home/mg/Documents/my-projects/Embedded-System-Design-with-Xilinx-Zynq-SoC-and-Vitis-IDE/interrupt_axi_timer/software/axi_tmr_intr_sw/_ide/bitstream/subsystem_bd_wrapper.bit
targets -set -nocase -filter {name =~"APU*"}
loadhw -hw /home/mg/Documents/my-projects/Embedded-System-Design-with-Xilinx-Zynq-SoC-and-Vitis-IDE/interrupt_axi_timer/software/axi_tmr_intr/export/axi_tmr_intr/hw/subsystem_bd_wrapper.xsa -mem-ranges [list {0x40000000 0xbfffffff}] -regs
configparams force-mem-access 1
targets -set -nocase -filter {name =~"APU*"}
source /home/mg/Documents/my-projects/Embedded-System-Design-with-Xilinx-Zynq-SoC-and-Vitis-IDE/interrupt_axi_timer/software/axi_tmr_intr_sw/_ide/psinit/ps7_init.tcl
ps7_init
ps7_post_config
targets -set -nocase -filter {name =~ "*A9*#0"}
dow /home/mg/Documents/my-projects/Embedded-System-Design-with-Xilinx-Zynq-SoC-and-Vitis-IDE/interrupt_axi_timer/software/axi_tmr_intr_sw/Debug/axi_tmr_intr_sw.elf
configparams force-mem-access 0
----------------End of Script----------------

17:05:51 INFO  : Context for processor 'ps7_cortexa9_0' is selected.
17:05:51 INFO  : 'con' command is executed.
17:05:51 INFO  : ----------------XSDB Script (After Launch)----------------
targets -set -nocase -filter {name =~ "*A9*#0"}
con
----------------End of Script----------------

17:05:51 INFO  : Launch script is exported to file '/home/mg/Documents/my-projects/Embedded-System-Design-with-Xilinx-Zynq-SoC-and-Vitis-IDE/interrupt_axi_timer/software/axi_tmr_intr_sw_system/_ide/scripts/systemdebugger_axi_tmr_intr_sw_system_standalone.tcl'
17:07:19 INFO  : Checking for BSP changes to sync application flags for project 'axi_tmr_intr_sw'...
17:07:36 INFO  : Disconnected from the channel tcfchan#4.
17:07:36 INFO  : Connected to target on host '127.0.0.1' and port '3121'.
17:07:45 INFO  : ----------------XSDB Script----------------
connect -url tcp:127.0.0.1:3121
----------------End of Script----------------

17:07:45 ERROR : Could not find ARM device on the board for connection 'Local'.
Check if the target is in:
1. Split JTAG - No operations are possible with ARM DAP.
2. Non JTAG bootmode - Bootrom may need time to enable DAP.
Please try again.


Troubleshooting hints:
1. Check whether board is connected to system properly.
2. In case of zynq board, check whether Digilent/Xilinx cable switch settings are correct.
3. If you are using Xilinx Platform Cable USB, ensure that status LED is green.
17:07:54 INFO  : Connected to target on host '127.0.0.1' and port '3121'.
17:08:03 INFO  : ----------------XSDB Script----------------
connect -url tcp:127.0.0.1:3121
----------------End of Script----------------

17:08:03 ERROR : Could not find ARM device on the board for connection 'Local'.
Check if the target is in:
1. Split JTAG - No operations are possible with ARM DAP.
2. Non JTAG bootmode - Bootrom may need time to enable DAP.
Please try again.


Troubleshooting hints:
1. Check whether board is connected to system properly.
2. In case of zynq board, check whether Digilent/Xilinx cable switch settings are correct.
3. If you are using Xilinx Platform Cable USB, ensure that status LED is green.
17:08:14 INFO  : Connected to target on host '127.0.0.1' and port '3121'.
17:08:14 INFO  : Jtag cable 'Digilent Zybo Z7 210351B7A823A' is selected.
17:08:14 INFO  : 'jtag frequency' command is executed.
17:08:14 INFO  : Context for 'APU' is selected.
17:08:14 INFO  : System reset is completed.
17:08:17 INFO  : 'after 3000' command is executed.
17:08:17 INFO  : 'targets -set -filter {jtag_cable_name =~ "Digilent Zybo Z7 210351B7A823A" && level==0 && jtag_device_ctx=="jsn-Zybo Z7-210351B7A823A-13722093-0"}' command is executed.
17:08:18 INFO  : Device configured successfully with "/home/mg/Documents/my-projects/Embedded-System-Design-with-Xilinx-Zynq-SoC-and-Vitis-IDE/interrupt_axi_timer/software/axi_tmr_intr_sw/_ide/bitstream/subsystem_bd_wrapper.bit"
17:08:18 INFO  : Context for 'APU' is selected.
17:08:18 INFO  : Hardware design and registers information is loaded from '/home/mg/Documents/my-projects/Embedded-System-Design-with-Xilinx-Zynq-SoC-and-Vitis-IDE/interrupt_axi_timer/software/axi_tmr_intr/export/axi_tmr_intr/hw/subsystem_bd_wrapper.xsa'.
17:08:18 INFO  : 'configparams force-mem-access 1' command is executed.
17:08:18 INFO  : Context for 'APU' is selected.
17:08:18 INFO  : Sourcing of '/home/mg/Documents/my-projects/Embedded-System-Design-with-Xilinx-Zynq-SoC-and-Vitis-IDE/interrupt_axi_timer/software/axi_tmr_intr_sw/_ide/psinit/ps7_init.tcl' is done.
17:08:18 INFO  : 'ps7_init' command is executed.
17:08:18 INFO  : 'ps7_post_config' command is executed.
17:08:18 INFO  : Context for processor 'ps7_cortexa9_0' is selected.
17:08:19 INFO  : The application '/home/mg/Documents/my-projects/Embedded-System-Design-with-Xilinx-Zynq-SoC-and-Vitis-IDE/interrupt_axi_timer/software/axi_tmr_intr_sw/Debug/axi_tmr_intr_sw.elf' is downloaded to processor 'ps7_cortexa9_0'.
17:08:19 INFO  : 'configparams force-mem-access 0' command is executed.
17:08:19 INFO  : ----------------XSDB Script----------------
connect -url tcp:127.0.0.1:3121
targets -set -nocase -filter {name =~"APU*"}
rst -system
after 3000
targets -set -filter {jtag_cable_name =~ "Digilent Zybo Z7 210351B7A823A" && level==0 && jtag_device_ctx=="jsn-Zybo Z7-210351B7A823A-13722093-0"}
fpga -file /home/mg/Documents/my-projects/Embedded-System-Design-with-Xilinx-Zynq-SoC-and-Vitis-IDE/interrupt_axi_timer/software/axi_tmr_intr_sw/_ide/bitstream/subsystem_bd_wrapper.bit
targets -set -nocase -filter {name =~"APU*"}
loadhw -hw /home/mg/Documents/my-projects/Embedded-System-Design-with-Xilinx-Zynq-SoC-and-Vitis-IDE/interrupt_axi_timer/software/axi_tmr_intr/export/axi_tmr_intr/hw/subsystem_bd_wrapper.xsa -mem-ranges [list {0x40000000 0xbfffffff}] -regs
configparams force-mem-access 1
targets -set -nocase -filter {name =~"APU*"}
source /home/mg/Documents/my-projects/Embedded-System-Design-with-Xilinx-Zynq-SoC-and-Vitis-IDE/interrupt_axi_timer/software/axi_tmr_intr_sw/_ide/psinit/ps7_init.tcl
ps7_init
ps7_post_config
targets -set -nocase -filter {name =~ "*A9*#0"}
dow /home/mg/Documents/my-projects/Embedded-System-Design-with-Xilinx-Zynq-SoC-and-Vitis-IDE/interrupt_axi_timer/software/axi_tmr_intr_sw/Debug/axi_tmr_intr_sw.elf
configparams force-mem-access 0
----------------End of Script----------------

17:08:19 INFO  : Context for processor 'ps7_cortexa9_0' is selected.
17:08:19 INFO  : 'con' command is executed.
17:08:19 INFO  : ----------------XSDB Script (After Launch)----------------
targets -set -nocase -filter {name =~ "*A9*#0"}
con
----------------End of Script----------------

17:08:19 INFO  : Launch script is exported to file '/home/mg/Documents/my-projects/Embedded-System-Design-with-Xilinx-Zynq-SoC-and-Vitis-IDE/interrupt_axi_timer/software/axi_tmr_intr_sw_system/_ide/scripts/systemdebugger_axi_tmr_intr_sw_system_standalone.tcl'
17:09:07 INFO  : Checking for BSP changes to sync application flags for project 'axi_tmr_intr_sw'...
17:09:19 INFO  : Disconnected from the channel tcfchan#6.
17:09:20 INFO  : Connected to target on host '127.0.0.1' and port '3121'.
17:09:20 INFO  : Jtag cable 'Digilent Zybo Z7 210351B7A823A' is selected.
17:09:20 INFO  : 'jtag frequency' command is executed.
17:09:20 INFO  : Context for 'APU' is selected.
17:09:20 INFO  : System reset is completed.
17:09:23 INFO  : 'after 3000' command is executed.
17:09:24 INFO  : 'targets -set -filter {jtag_cable_name =~ "Digilent Zybo Z7 210351B7A823A" && level==0 && jtag_device_ctx=="jsn-Zybo Z7-210351B7A823A-13722093-0"}' command is executed.
17:09:25 INFO  : Device configured successfully with "/home/mg/Documents/my-projects/Embedded-System-Design-with-Xilinx-Zynq-SoC-and-Vitis-IDE/interrupt_axi_timer/software/axi_tmr_intr_sw/_ide/bitstream/subsystem_bd_wrapper.bit"
17:09:25 INFO  : Context for 'APU' is selected.
17:09:25 INFO  : Hardware design and registers information is loaded from '/home/mg/Documents/my-projects/Embedded-System-Design-with-Xilinx-Zynq-SoC-and-Vitis-IDE/interrupt_axi_timer/software/axi_tmr_intr/export/axi_tmr_intr/hw/subsystem_bd_wrapper.xsa'.
17:09:25 INFO  : 'configparams force-mem-access 1' command is executed.
17:09:25 INFO  : Context for 'APU' is selected.
17:09:25 INFO  : Sourcing of '/home/mg/Documents/my-projects/Embedded-System-Design-with-Xilinx-Zynq-SoC-and-Vitis-IDE/interrupt_axi_timer/software/axi_tmr_intr_sw/_ide/psinit/ps7_init.tcl' is done.
17:09:25 INFO  : 'ps7_init' command is executed.
17:09:25 INFO  : 'ps7_post_config' command is executed.
17:09:25 INFO  : Context for processor 'ps7_cortexa9_0' is selected.
17:09:25 INFO  : The application '/home/mg/Documents/my-projects/Embedded-System-Design-with-Xilinx-Zynq-SoC-and-Vitis-IDE/interrupt_axi_timer/software/axi_tmr_intr_sw/Debug/axi_tmr_intr_sw.elf' is downloaded to processor 'ps7_cortexa9_0'.
17:09:25 INFO  : 'configparams force-mem-access 0' command is executed.
17:09:25 INFO  : ----------------XSDB Script----------------
connect -url tcp:127.0.0.1:3121
targets -set -nocase -filter {name =~"APU*"}
rst -system
after 3000
targets -set -filter {jtag_cable_name =~ "Digilent Zybo Z7 210351B7A823A" && level==0 && jtag_device_ctx=="jsn-Zybo Z7-210351B7A823A-13722093-0"}
fpga -file /home/mg/Documents/my-projects/Embedded-System-Design-with-Xilinx-Zynq-SoC-and-Vitis-IDE/interrupt_axi_timer/software/axi_tmr_intr_sw/_ide/bitstream/subsystem_bd_wrapper.bit
targets -set -nocase -filter {name =~"APU*"}
loadhw -hw /home/mg/Documents/my-projects/Embedded-System-Design-with-Xilinx-Zynq-SoC-and-Vitis-IDE/interrupt_axi_timer/software/axi_tmr_intr/export/axi_tmr_intr/hw/subsystem_bd_wrapper.xsa -mem-ranges [list {0x40000000 0xbfffffff}] -regs
configparams force-mem-access 1
targets -set -nocase -filter {name =~"APU*"}
source /home/mg/Documents/my-projects/Embedded-System-Design-with-Xilinx-Zynq-SoC-and-Vitis-IDE/interrupt_axi_timer/software/axi_tmr_intr_sw/_ide/psinit/ps7_init.tcl
ps7_init
ps7_post_config
targets -set -nocase -filter {name =~ "*A9*#0"}
dow /home/mg/Documents/my-projects/Embedded-System-Design-with-Xilinx-Zynq-SoC-and-Vitis-IDE/interrupt_axi_timer/software/axi_tmr_intr_sw/Debug/axi_tmr_intr_sw.elf
configparams force-mem-access 0
----------------End of Script----------------

17:09:25 INFO  : Context for processor 'ps7_cortexa9_0' is selected.
17:09:25 INFO  : 'con' command is executed.
17:09:25 INFO  : ----------------XSDB Script (After Launch)----------------
targets -set -nocase -filter {name =~ "*A9*#0"}
con
----------------End of Script----------------

17:09:25 INFO  : Launch script is exported to file '/home/mg/Documents/my-projects/Embedded-System-Design-with-Xilinx-Zynq-SoC-and-Vitis-IDE/interrupt_axi_timer/software/axi_tmr_intr_sw_system/_ide/scripts/systemdebugger_axi_tmr_intr_sw_system_standalone.tcl'
17:09:50 INFO  : Checking for BSP changes to sync application flags for project 'axi_tmr_intr_sw'...
17:09:56 INFO  : Disconnected from the channel tcfchan#7.
17:09:57 INFO  : Connected to target on host '127.0.0.1' and port '3121'.
17:09:57 INFO  : Jtag cable 'Digilent Zybo Z7 210351B7A823A' is selected.
17:09:57 INFO  : 'jtag frequency' command is executed.
17:09:57 INFO  : Context for 'APU' is selected.
17:09:57 INFO  : System reset is completed.
17:10:00 INFO  : 'after 3000' command is executed.
17:10:00 INFO  : 'targets -set -filter {jtag_cable_name =~ "Digilent Zybo Z7 210351B7A823A" && level==0 && jtag_device_ctx=="jsn-Zybo Z7-210351B7A823A-13722093-0"}' command is executed.
17:10:01 INFO  : Device configured successfully with "/home/mg/Documents/my-projects/Embedded-System-Design-with-Xilinx-Zynq-SoC-and-Vitis-IDE/interrupt_axi_timer/software/axi_tmr_intr_sw/_ide/bitstream/subsystem_bd_wrapper.bit"
17:10:01 INFO  : Context for 'APU' is selected.
17:10:01 INFO  : Hardware design and registers information is loaded from '/home/mg/Documents/my-projects/Embedded-System-Design-with-Xilinx-Zynq-SoC-and-Vitis-IDE/interrupt_axi_timer/software/axi_tmr_intr/export/axi_tmr_intr/hw/subsystem_bd_wrapper.xsa'.
17:10:01 INFO  : 'configparams force-mem-access 1' command is executed.
17:10:01 INFO  : Context for 'APU' is selected.
17:10:01 INFO  : Sourcing of '/home/mg/Documents/my-projects/Embedded-System-Design-with-Xilinx-Zynq-SoC-and-Vitis-IDE/interrupt_axi_timer/software/axi_tmr_intr_sw/_ide/psinit/ps7_init.tcl' is done.
17:10:01 INFO  : 'ps7_init' command is executed.
17:10:01 INFO  : 'ps7_post_config' command is executed.
17:10:01 INFO  : Context for processor 'ps7_cortexa9_0' is selected.
17:10:02 INFO  : The application '/home/mg/Documents/my-projects/Embedded-System-Design-with-Xilinx-Zynq-SoC-and-Vitis-IDE/interrupt_axi_timer/software/axi_tmr_intr_sw/Debug/axi_tmr_intr_sw.elf' is downloaded to processor 'ps7_cortexa9_0'.
17:10:02 INFO  : 'configparams force-mem-access 0' command is executed.
17:10:02 INFO  : ----------------XSDB Script----------------
connect -url tcp:127.0.0.1:3121
targets -set -nocase -filter {name =~"APU*"}
rst -system
after 3000
targets -set -filter {jtag_cable_name =~ "Digilent Zybo Z7 210351B7A823A" && level==0 && jtag_device_ctx=="jsn-Zybo Z7-210351B7A823A-13722093-0"}
fpga -file /home/mg/Documents/my-projects/Embedded-System-Design-with-Xilinx-Zynq-SoC-and-Vitis-IDE/interrupt_axi_timer/software/axi_tmr_intr_sw/_ide/bitstream/subsystem_bd_wrapper.bit
targets -set -nocase -filter {name =~"APU*"}
loadhw -hw /home/mg/Documents/my-projects/Embedded-System-Design-with-Xilinx-Zynq-SoC-and-Vitis-IDE/interrupt_axi_timer/software/axi_tmr_intr/export/axi_tmr_intr/hw/subsystem_bd_wrapper.xsa -mem-ranges [list {0x40000000 0xbfffffff}] -regs
configparams force-mem-access 1
targets -set -nocase -filter {name =~"APU*"}
source /home/mg/Documents/my-projects/Embedded-System-Design-with-Xilinx-Zynq-SoC-and-Vitis-IDE/interrupt_axi_timer/software/axi_tmr_intr_sw/_ide/psinit/ps7_init.tcl
ps7_init
ps7_post_config
targets -set -nocase -filter {name =~ "*A9*#0"}
dow /home/mg/Documents/my-projects/Embedded-System-Design-with-Xilinx-Zynq-SoC-and-Vitis-IDE/interrupt_axi_timer/software/axi_tmr_intr_sw/Debug/axi_tmr_intr_sw.elf
configparams force-mem-access 0
----------------End of Script----------------

17:10:02 INFO  : Context for processor 'ps7_cortexa9_0' is selected.
17:10:02 INFO  : 'con' command is executed.
17:10:02 INFO  : ----------------XSDB Script (After Launch)----------------
targets -set -nocase -filter {name =~ "*A9*#0"}
con
----------------End of Script----------------

17:10:02 INFO  : Launch script is exported to file '/home/mg/Documents/my-projects/Embedded-System-Design-with-Xilinx-Zynq-SoC-and-Vitis-IDE/interrupt_axi_timer/software/axi_tmr_intr_sw_system/_ide/scripts/systemdebugger_axi_tmr_intr_sw_system_standalone.tcl'
17:10:39 INFO  : Checking for BSP changes to sync application flags for project 'axi_tmr_intr_sw'...
17:10:50 INFO  : Disconnected from the channel tcfchan#8.
17:10:51 INFO  : Connected to target on host '127.0.0.1' and port '3121'.
17:11:00 INFO  : ----------------XSDB Script----------------
connect -url tcp:127.0.0.1:3121
----------------End of Script----------------

17:11:00 ERROR : Could not find FPGA device on the board for connection 'Local'.


Troubleshooting hints:
1. Check whether board is connected to system properly.
2. In case of zynq board, check whether Digilent/Xilinx cable switch settings are correct.
3. If you are using Xilinx Platform Cable USB, ensure that status LED is green.
17:11:10 INFO  : Connected to target on host '127.0.0.1' and port '3121'.
17:11:10 INFO  : Jtag cable 'Digilent Zybo Z7 210351B7A823A' is selected.
17:11:10 INFO  : 'jtag frequency' command is executed.
17:11:10 INFO  : Context for 'APU' is selected.
17:11:10 INFO  : System reset is completed.
17:11:13 INFO  : 'after 3000' command is executed.
17:11:13 INFO  : 'targets -set -filter {jtag_cable_name =~ "Digilent Zybo Z7 210351B7A823A" && level==0 && jtag_device_ctx=="jsn-Zybo Z7-210351B7A823A-13722093-0"}' command is executed.
17:11:14 INFO  : Device configured successfully with "/home/mg/Documents/my-projects/Embedded-System-Design-with-Xilinx-Zynq-SoC-and-Vitis-IDE/interrupt_axi_timer/software/axi_tmr_intr_sw/_ide/bitstream/subsystem_bd_wrapper.bit"
17:11:14 INFO  : Context for 'APU' is selected.
17:11:14 INFO  : Hardware design and registers information is loaded from '/home/mg/Documents/my-projects/Embedded-System-Design-with-Xilinx-Zynq-SoC-and-Vitis-IDE/interrupt_axi_timer/software/axi_tmr_intr/export/axi_tmr_intr/hw/subsystem_bd_wrapper.xsa'.
17:11:14 INFO  : 'configparams force-mem-access 1' command is executed.
17:11:14 INFO  : Context for 'APU' is selected.
17:11:14 INFO  : Sourcing of '/home/mg/Documents/my-projects/Embedded-System-Design-with-Xilinx-Zynq-SoC-and-Vitis-IDE/interrupt_axi_timer/software/axi_tmr_intr_sw/_ide/psinit/ps7_init.tcl' is done.
17:11:15 INFO  : 'ps7_init' command is executed.
17:11:15 INFO  : 'ps7_post_config' command is executed.
17:11:15 INFO  : Context for processor 'ps7_cortexa9_0' is selected.
17:11:15 INFO  : The application '/home/mg/Documents/my-projects/Embedded-System-Design-with-Xilinx-Zynq-SoC-and-Vitis-IDE/interrupt_axi_timer/software/axi_tmr_intr_sw/Debug/axi_tmr_intr_sw.elf' is downloaded to processor 'ps7_cortexa9_0'.
17:11:15 INFO  : 'configparams force-mem-access 0' command is executed.
17:11:15 INFO  : ----------------XSDB Script----------------
connect -url tcp:127.0.0.1:3121
targets -set -nocase -filter {name =~"APU*"}
rst -system
after 3000
targets -set -filter {jtag_cable_name =~ "Digilent Zybo Z7 210351B7A823A" && level==0 && jtag_device_ctx=="jsn-Zybo Z7-210351B7A823A-13722093-0"}
fpga -file /home/mg/Documents/my-projects/Embedded-System-Design-with-Xilinx-Zynq-SoC-and-Vitis-IDE/interrupt_axi_timer/software/axi_tmr_intr_sw/_ide/bitstream/subsystem_bd_wrapper.bit
targets -set -nocase -filter {name =~"APU*"}
loadhw -hw /home/mg/Documents/my-projects/Embedded-System-Design-with-Xilinx-Zynq-SoC-and-Vitis-IDE/interrupt_axi_timer/software/axi_tmr_intr/export/axi_tmr_intr/hw/subsystem_bd_wrapper.xsa -mem-ranges [list {0x40000000 0xbfffffff}] -regs
configparams force-mem-access 1
targets -set -nocase -filter {name =~"APU*"}
source /home/mg/Documents/my-projects/Embedded-System-Design-with-Xilinx-Zynq-SoC-and-Vitis-IDE/interrupt_axi_timer/software/axi_tmr_intr_sw/_ide/psinit/ps7_init.tcl
ps7_init
ps7_post_config
targets -set -nocase -filter {name =~ "*A9*#0"}
dow /home/mg/Documents/my-projects/Embedded-System-Design-with-Xilinx-Zynq-SoC-and-Vitis-IDE/interrupt_axi_timer/software/axi_tmr_intr_sw/Debug/axi_tmr_intr_sw.elf
configparams force-mem-access 0
----------------End of Script----------------

17:11:15 INFO  : Context for processor 'ps7_cortexa9_0' is selected.
17:11:15 INFO  : 'con' command is executed.
17:11:15 INFO  : ----------------XSDB Script (After Launch)----------------
targets -set -nocase -filter {name =~ "*A9*#0"}
con
----------------End of Script----------------

17:11:15 INFO  : Launch script is exported to file '/home/mg/Documents/my-projects/Embedded-System-Design-with-Xilinx-Zynq-SoC-and-Vitis-IDE/interrupt_axi_timer/software/axi_tmr_intr_sw_system/_ide/scripts/systemdebugger_axi_tmr_intr_sw_system_standalone.tcl'
17:11:45 INFO  : Disconnected from the channel tcfchan#9.
