16:32:40 DEBUG : Logs will be stored at '/home/mg/Documents/my-projects/Embedded-System-Design-with-Xilinx-Zynq-SoC-and-Vitis-IDE/timer_axi_wdt/software/IDE.log'.
16:32:43 INFO  : Launching XSCT server: xsct -n  -interactive /home/mg/Documents/my-projects/Embedded-System-Design-with-Xilinx-Zynq-SoC-and-Vitis-IDE/timer_axi_wdt/software/temp_xsdb_launch_script.tcl
16:32:43 INFO  : Registering command handlers for Vitis TCF services
16:32:43 INFO  : Platform repository initialization has completed.
16:32:45 INFO  : XSCT server has started successfully.
16:32:45 INFO  : Successfully done setting XSCT server connection channel  
16:32:45 INFO  : plnx-install-location is set to ''
16:32:45 INFO  : Successfully done query RDI_DATADIR 
16:32:45 INFO  : Successfully done setting workspace for the tool. 
16:33:48 INFO  : Result from executing command 'getProjects': axi_wdt
16:33:48 INFO  : Result from executing command 'getPlatforms': xilinx_zcu102_base_202310_1|/home/mg/Xilinx/Vitis/2023.1/base_platforms/xilinx_zcu102_base_202310_1/xilinx_zcu102_base_202310_1.xpfm;xilinx_zcu102_base_dfx_202310_1|/home/mg/Xilinx/Vitis/2023.1/base_platforms/xilinx_zcu102_base_dfx_202310_1/xilinx_zcu102_base_dfx_202310_1.xpfm;xilinx_zcu104_base_202310_1|/home/mg/Xilinx/Vitis/2023.1/base_platforms/xilinx_zcu104_base_202310_1/xilinx_zcu104_base_202310_1.xpfm
16:34:04 INFO  : Result from executing command 'getProjects': axi_wdt
16:34:04 INFO  : Result from executing command 'getPlatforms': axi_wdt|/home/mg/Documents/my-projects/Embedded-System-Design-with-Xilinx-Zynq-SoC-and-Vitis-IDE/timer_axi_wdt/software/axi_wdt/export/axi_wdt/axi_wdt.xpfm;xilinx_zcu102_base_202310_1|/home/mg/Xilinx/Vitis/2023.1/base_platforms/xilinx_zcu102_base_202310_1/xilinx_zcu102_base_202310_1.xpfm;xilinx_zcu102_base_dfx_202310_1|/home/mg/Xilinx/Vitis/2023.1/base_platforms/xilinx_zcu102_base_dfx_202310_1/xilinx_zcu102_base_dfx_202310_1.xpfm;xilinx_zcu104_base_202310_1|/home/mg/Xilinx/Vitis/2023.1/base_platforms/xilinx_zcu104_base_202310_1/xilinx_zcu104_base_202310_1.xpfm
16:34:39 INFO  : Checking for BSP changes to sync application flags for project 'axi_wdt_sw'...
16:37:45 INFO  : Checking for BSP changes to sync application flags for project 'axi_wdt_sw'...
16:37:56 INFO  : Checking for BSP changes to sync application flags for project 'axi_wdt_sw'...
16:38:32 INFO  : XRT server has started successfully on port '4355'
16:38:32 INFO  : Connected to target on host '127.0.0.1' and port '3121'.
16:38:32 INFO  : Jtag cable 'Digilent Zybo Z7 210351B7A823A' is selected.
16:38:32 INFO  : 'jtag frequency' command is executed.
16:38:32 INFO  : Context for 'APU' is selected.
16:38:32 INFO  : System reset is completed.
16:38:35 INFO  : 'after 3000' command is executed.
16:38:36 INFO  : 'targets -set -filter {jtag_cable_name =~ "Digilent Zybo Z7 210351B7A823A" && level==0 && jtag_device_ctx=="jsn-Zybo Z7-210351B7A823A-13722093-0"}' command is executed.
16:38:37 INFO  : Device configured successfully with "/home/mg/Documents/my-projects/Embedded-System-Design-with-Xilinx-Zynq-SoC-and-Vitis-IDE/timer_axi_wdt/software/axi_wdt_sw/_ide/bitstream/subsystem_db_wrapper.bit"
16:38:37 INFO  : Context for 'APU' is selected.
16:38:37 INFO  : Hardware design and registers information is loaded from '/home/mg/Documents/my-projects/Embedded-System-Design-with-Xilinx-Zynq-SoC-and-Vitis-IDE/timer_axi_wdt/software/axi_wdt/export/axi_wdt/hw/subsystem_db_wrapper.xsa'.
16:38:37 INFO  : 'configparams force-mem-access 1' command is executed.
16:38:37 INFO  : Context for 'APU' is selected.
16:38:37 INFO  : Sourcing of '/home/mg/Documents/my-projects/Embedded-System-Design-with-Xilinx-Zynq-SoC-and-Vitis-IDE/timer_axi_wdt/software/axi_wdt_sw/_ide/psinit/ps7_init.tcl' is done.
16:38:37 INFO  : 'ps7_init' command is executed.
16:38:37 INFO  : 'ps7_post_config' command is executed.
16:38:37 INFO  : Context for processor 'ps7_cortexa9_0' is selected.
16:38:37 INFO  : The application '/home/mg/Documents/my-projects/Embedded-System-Design-with-Xilinx-Zynq-SoC-and-Vitis-IDE/timer_axi_wdt/software/axi_wdt_sw/Debug/axi_wdt_sw.elf' is downloaded to processor 'ps7_cortexa9_0'.
16:38:37 INFO  : 'configparams force-mem-access 0' command is executed.
16:38:37 INFO  : ----------------XSDB Script----------------
connect -url tcp:127.0.0.1:3121
targets -set -nocase -filter {name =~"APU*"}
rst -system
after 3000
targets -set -filter {jtag_cable_name =~ "Digilent Zybo Z7 210351B7A823A" && level==0 && jtag_device_ctx=="jsn-Zybo Z7-210351B7A823A-13722093-0"}
fpga -file /home/mg/Documents/my-projects/Embedded-System-Design-with-Xilinx-Zynq-SoC-and-Vitis-IDE/timer_axi_wdt/software/axi_wdt_sw/_ide/bitstream/subsystem_db_wrapper.bit
targets -set -nocase -filter {name =~"APU*"}
loadhw -hw /home/mg/Documents/my-projects/Embedded-System-Design-with-Xilinx-Zynq-SoC-and-Vitis-IDE/timer_axi_wdt/software/axi_wdt/export/axi_wdt/hw/subsystem_db_wrapper.xsa -mem-ranges [list {0x40000000 0xbfffffff}] -regs
configparams force-mem-access 1
targets -set -nocase -filter {name =~"APU*"}
source /home/mg/Documents/my-projects/Embedded-System-Design-with-Xilinx-Zynq-SoC-and-Vitis-IDE/timer_axi_wdt/software/axi_wdt_sw/_ide/psinit/ps7_init.tcl
ps7_init
ps7_post_config
targets -set -nocase -filter {name =~ "*A9*#0"}
dow /home/mg/Documents/my-projects/Embedded-System-Design-with-Xilinx-Zynq-SoC-and-Vitis-IDE/timer_axi_wdt/software/axi_wdt_sw/Debug/axi_wdt_sw.elf
configparams force-mem-access 0
----------------End of Script----------------

16:38:37 INFO  : Context for processor 'ps7_cortexa9_0' is selected.
16:38:37 INFO  : 'con' command is executed.
16:38:37 INFO  : ----------------XSDB Script (After Launch)----------------
targets -set -nocase -filter {name =~ "*A9*#0"}
con
----------------End of Script----------------

16:38:37 INFO  : Launch script is exported to file '/home/mg/Documents/my-projects/Embedded-System-Design-with-Xilinx-Zynq-SoC-and-Vitis-IDE/timer_axi_wdt/software/axi_wdt_sw_system/_ide/scripts/systemdebugger_axi_wdt_sw_system_standalone.tcl'
16:39:01 INFO  : Disconnected from the channel tcfchan#4.
