16:54:43 DEBUG : Logs will be stored at '/home/mg/Documents/my-projects/Embedded-System-Design-with-Xilinx-Zynq-SoC-and-Vitis-IDE/gpio_axi_multiple_instanse/software/IDE.log'.
16:55:54 INFO  : Launching XSCT server: xsct -n  -interactive /home/mg/Documents/my-projects/Embedded-System-Design-with-Xilinx-Zynq-SoC-and-Vitis-IDE/gpio_axi_multiple_instanse/software/temp_xsdb_launch_script.tcl
16:55:54 INFO  : Registering command handlers for Vitis TCF services
16:55:55 INFO  : Platform repository initialization has completed.
16:55:56 INFO  : XSCT server has started successfully.
16:55:57 INFO  : plnx-install-location is set to ''
16:55:57 INFO  : Successfully done setting XSCT server connection channel  
16:55:57 INFO  : Successfully done query RDI_DATADIR 
16:55:57 INFO  : Successfully done setting workspace for the tool. 
16:56:52 INFO  : Result from executing command 'getProjects': multi_axi_Inst_gpio
16:56:52 INFO  : Result from executing command 'getPlatforms': xilinx_zcu102_base_202310_1|/home/mg/Xilinx/Vitis/2023.1/base_platforms/xilinx_zcu102_base_202310_1/xilinx_zcu102_base_202310_1.xpfm;xilinx_zcu102_base_dfx_202310_1|/home/mg/Xilinx/Vitis/2023.1/base_platforms/xilinx_zcu102_base_dfx_202310_1/xilinx_zcu102_base_dfx_202310_1.xpfm;xilinx_zcu104_base_202310_1|/home/mg/Xilinx/Vitis/2023.1/base_platforms/xilinx_zcu104_base_202310_1/xilinx_zcu104_base_202310_1.xpfm
16:57:13 INFO  : Result from executing command 'getProjects': multi_axi_Inst_gpio
16:57:13 INFO  : Result from executing command 'getPlatforms': multi_axi_Inst_gpio|/home/mg/Documents/my-projects/Embedded-System-Design-with-Xilinx-Zynq-SoC-and-Vitis-IDE/gpio_axi_multiple_instanse/software/multi_axi_Inst_gpio/export/multi_axi_Inst_gpio/multi_axi_Inst_gpio.xpfm;xilinx_zcu102_base_202310_1|/home/mg/Xilinx/Vitis/2023.1/base_platforms/xilinx_zcu102_base_202310_1/xilinx_zcu102_base_202310_1.xpfm;xilinx_zcu102_base_dfx_202310_1|/home/mg/Xilinx/Vitis/2023.1/base_platforms/xilinx_zcu102_base_dfx_202310_1/xilinx_zcu102_base_dfx_202310_1.xpfm;xilinx_zcu104_base_202310_1|/home/mg/Xilinx/Vitis/2023.1/base_platforms/xilinx_zcu104_base_202310_1/xilinx_zcu104_base_202310_1.xpfm
16:59:03 INFO  : Checking for BSP changes to sync application flags for project 'multi_axi_Inst_gpio_sw'...
17:00:21 INFO  : Checking for BSP changes to sync application flags for project 'multi_axi_Inst_gpio_sw'...
17:04:38 INFO  : Checking for BSP changes to sync application flags for project 'multi_axi_Inst_gpio_sw'...
17:05:18 INFO  : Checking for BSP changes to sync application flags for project 'multi_axi_Inst_gpio_sw'...
17:06:02 INFO  : Checking for BSP changes to sync application flags for project 'multi_axi_Inst_gpio_sw'...
17:06:38 INFO  : Checking for BSP changes to sync application flags for project 'multi_axi_Inst_gpio_sw'...
17:10:24 INFO  : Checking for BSP changes to sync application flags for project 'multi_axi_Inst_gpio_sw'...
17:10:51 INFO  : XRT server has started successfully on port '4352'
17:10:52 INFO  : Connected to target on host '127.0.0.1' and port '3121'.
17:11:07 INFO  : Jtag cable 'Digilent Zybo Z7 210351B7A823A' is selected.
17:11:07 INFO  : 'jtag frequency' command is executed.
17:11:07 INFO  : Context for 'APU' is selected.
17:11:07 INFO  : System reset is completed.
17:11:10 INFO  : 'after 3000' command is executed.
17:11:10 INFO  : 'targets -set -filter {jtag_cable_name =~ "Digilent Zybo Z7 210351B7A823A" && level==0 && jtag_device_ctx=="jsn-Zybo Z7-210351B7A823A-13722093-0"}' command is executed.
17:11:11 INFO  : Device configured successfully with "/home/mg/Documents/my-projects/Embedded-System-Design-with-Xilinx-Zynq-SoC-and-Vitis-IDE/gpio_axi_multiple_instanse/software/multi_axi_Inst_gpio_sw/_ide/bitstream/subsystem_db_wrapper.bit"
17:11:11 INFO  : Context for 'APU' is selected.
17:11:11 INFO  : Hardware design and registers information is loaded from '/home/mg/Documents/my-projects/Embedded-System-Design-with-Xilinx-Zynq-SoC-and-Vitis-IDE/gpio_axi_multiple_instanse/software/multi_axi_Inst_gpio/export/multi_axi_Inst_gpio/hw/subsystem_db_wrapper.xsa'.
17:11:11 INFO  : 'configparams force-mem-access 1' command is executed.
17:11:11 INFO  : Context for 'APU' is selected.
17:11:11 INFO  : Sourcing of '/home/mg/Documents/my-projects/Embedded-System-Design-with-Xilinx-Zynq-SoC-and-Vitis-IDE/gpio_axi_multiple_instanse/software/multi_axi_Inst_gpio_sw/_ide/psinit/ps7_init.tcl' is done.
17:11:12 INFO  : 'ps7_init' command is executed.
17:11:12 INFO  : 'ps7_post_config' command is executed.
17:11:12 INFO  : Context for processor 'ps7_cortexa9_0' is selected.
17:11:12 INFO  : The application '/home/mg/Documents/my-projects/Embedded-System-Design-with-Xilinx-Zynq-SoC-and-Vitis-IDE/gpio_axi_multiple_instanse/software/multi_axi_Inst_gpio_sw/Debug/multi_axi_Inst_gpio_sw.elf' is downloaded to processor 'ps7_cortexa9_0'.
17:11:12 INFO  : 'configparams force-mem-access 0' command is executed.
17:11:12 INFO  : ----------------XSDB Script----------------
connect -url tcp:127.0.0.1:3121
targets -set -nocase -filter {name =~"APU*"}
rst -system
after 3000
targets -set -filter {jtag_cable_name =~ "Digilent Zybo Z7 210351B7A823A" && level==0 && jtag_device_ctx=="jsn-Zybo Z7-210351B7A823A-13722093-0"}
fpga -file /home/mg/Documents/my-projects/Embedded-System-Design-with-Xilinx-Zynq-SoC-and-Vitis-IDE/gpio_axi_multiple_instanse/software/multi_axi_Inst_gpio_sw/_ide/bitstream/subsystem_db_wrapper.bit
targets -set -nocase -filter {name =~"APU*"}
loadhw -hw /home/mg/Documents/my-projects/Embedded-System-Design-with-Xilinx-Zynq-SoC-and-Vitis-IDE/gpio_axi_multiple_instanse/software/multi_axi_Inst_gpio/export/multi_axi_Inst_gpio/hw/subsystem_db_wrapper.xsa -mem-ranges [list {0x40000000 0xbfffffff}] -regs
configparams force-mem-access 1
targets -set -nocase -filter {name =~"APU*"}
source /home/mg/Documents/my-projects/Embedded-System-Design-with-Xilinx-Zynq-SoC-and-Vitis-IDE/gpio_axi_multiple_instanse/software/multi_axi_Inst_gpio_sw/_ide/psinit/ps7_init.tcl
ps7_init
ps7_post_config
targets -set -nocase -filter {name =~ "*A9*#0"}
dow /home/mg/Documents/my-projects/Embedded-System-Design-with-Xilinx-Zynq-SoC-and-Vitis-IDE/gpio_axi_multiple_instanse/software/multi_axi_Inst_gpio_sw/Debug/multi_axi_Inst_gpio_sw.elf
configparams force-mem-access 0
----------------End of Script----------------

17:11:12 INFO  : Context for processor 'ps7_cortexa9_0' is selected.
17:11:12 INFO  : 'con' command is executed.
17:11:12 INFO  : ----------------XSDB Script (After Launch)----------------
targets -set -nocase -filter {name =~ "*A9*#0"}
con
----------------End of Script----------------

17:11:12 INFO  : Launch script is exported to file '/home/mg/Documents/my-projects/Embedded-System-Design-with-Xilinx-Zynq-SoC-and-Vitis-IDE/gpio_axi_multiple_instanse/software/multi_axi_Inst_gpio_sw_system/_ide/scripts/systemdebugger_multi_axi_inst_gpio_sw_system_standalone.tcl'
17:22:39 INFO  : Checking for BSP changes to sync application flags for project 'multi_axi_Inst_gpio_sw'...
17:23:20 INFO  : Disconnected from the channel tcfchan#4.
