15:25:03 DEBUG : Logs will be stored at '/home/mg/Documents/my-projects/Embedded-System-Design-with-Xilinx-Zynq-SoC-and-Vitis-IDE/gpio_axi/software/IDE.log'.
15:25:10 INFO  : Launching XSCT server: xsct -n  -interactive /home/mg/Documents/my-projects/Embedded-System-Design-with-Xilinx-Zynq-SoC-and-Vitis-IDE/gpio_axi/software/temp_xsdb_launch_script.tcl
15:25:10 INFO  : Registering command handlers for Vitis TCF services
15:25:10 INFO  : Platform repository initialization has completed.
15:25:12 INFO  : XSCT server has started successfully.
15:25:12 INFO  : Successfully done setting XSCT server connection channel  
15:25:12 INFO  : plnx-install-location is set to ''
15:25:12 INFO  : Successfully done setting workspace for the tool. 
15:25:12 INFO  : Successfully done query RDI_DATADIR 
15:26:33 INFO  : Result from executing command 'getProjects': axi_gpio
15:26:33 INFO  : Result from executing command 'getPlatforms': xilinx_zcu102_base_202310_1|/home/mg/Xilinx/Vitis/2023.1/base_platforms/xilinx_zcu102_base_202310_1/xilinx_zcu102_base_202310_1.xpfm;xilinx_zcu102_base_dfx_202310_1|/home/mg/Xilinx/Vitis/2023.1/base_platforms/xilinx_zcu102_base_dfx_202310_1/xilinx_zcu102_base_dfx_202310_1.xpfm;xilinx_zcu104_base_202310_1|/home/mg/Xilinx/Vitis/2023.1/base_platforms/xilinx_zcu104_base_202310_1/xilinx_zcu104_base_202310_1.xpfm
15:26:51 INFO  : Result from executing command 'getProjects': axi_gpio
15:26:51 INFO  : Result from executing command 'getPlatforms': axi_gpio|/home/mg/Documents/my-projects/Embedded-System-Design-with-Xilinx-Zynq-SoC-and-Vitis-IDE/gpio_axi/software/axi_gpio/export/axi_gpio/axi_gpio.xpfm;xilinx_zcu102_base_202310_1|/home/mg/Xilinx/Vitis/2023.1/base_platforms/xilinx_zcu102_base_202310_1/xilinx_zcu102_base_202310_1.xpfm;xilinx_zcu102_base_dfx_202310_1|/home/mg/Xilinx/Vitis/2023.1/base_platforms/xilinx_zcu102_base_dfx_202310_1/xilinx_zcu102_base_dfx_202310_1.xpfm;xilinx_zcu104_base_202310_1|/home/mg/Xilinx/Vitis/2023.1/base_platforms/xilinx_zcu104_base_202310_1/xilinx_zcu104_base_202310_1.xpfm
15:29:55 INFO  : Checking for BSP changes to sync application flags for project 'axi_gpio_sw'...
15:32:35 INFO  : Checking for BSP changes to sync application flags for project 'axi_gpio_sw'...
15:34:09 INFO  : Checking for BSP changes to sync application flags for project 'axi_gpio_sw'...
15:38:17 INFO  : Checking for BSP changes to sync application flags for project 'axi_gpio_sw'...
15:41:58 INFO  : Checking for BSP changes to sync application flags for project 'axi_gpio_sw'...
15:42:27 INFO  : Checking for BSP changes to sync application flags for project 'axi_gpio_sw'...
15:42:41 INFO  : XRT server has started successfully on port '4355'
15:42:42 INFO  : Connected to target on host '127.0.0.1' and port '3121'.
15:42:42 INFO  : Jtag cable 'Digilent Zybo Z7 210351B7A823A' is selected.
15:42:42 INFO  : 'jtag frequency' command is executed.
15:42:42 INFO  : Context for 'APU' is selected.
15:42:42 INFO  : System reset is completed.
15:42:45 INFO  : 'after 3000' command is executed.
15:42:45 INFO  : 'targets -set -filter {jtag_cable_name =~ "Digilent Zybo Z7 210351B7A823A" && level==0 && jtag_device_ctx=="jsn-Zybo Z7-210351B7A823A-13722093-0"}' command is executed.
15:42:46 INFO  : Device configured successfully with "/home/mg/Documents/my-projects/Embedded-System-Design-with-Xilinx-Zynq-SoC-and-Vitis-IDE/gpio_axi/software/axi_gpio_sw/_ide/bitstream/subsystem_db_wrapper.bit"
15:42:46 INFO  : Context for 'APU' is selected.
15:42:46 INFO  : Hardware design and registers information is loaded from '/home/mg/Documents/my-projects/Embedded-System-Design-with-Xilinx-Zynq-SoC-and-Vitis-IDE/gpio_axi/software/axi_gpio/export/axi_gpio/hw/subsystem_db_wrapper.xsa'.
15:42:46 INFO  : 'configparams force-mem-access 1' command is executed.
15:42:46 INFO  : Context for 'APU' is selected.
15:42:46 INFO  : Sourcing of '/home/mg/Documents/my-projects/Embedded-System-Design-with-Xilinx-Zynq-SoC-and-Vitis-IDE/gpio_axi/software/axi_gpio_sw/_ide/psinit/ps7_init.tcl' is done.
15:42:47 INFO  : 'ps7_init' command is executed.
15:42:47 INFO  : 'ps7_post_config' command is executed.
15:42:47 INFO  : Context for processor 'ps7_cortexa9_0' is selected.
15:42:47 INFO  : The application '/home/mg/Documents/my-projects/Embedded-System-Design-with-Xilinx-Zynq-SoC-and-Vitis-IDE/gpio_axi/software/axi_gpio_sw/Debug/axi_gpio_sw.elf' is downloaded to processor 'ps7_cortexa9_0'.
15:42:47 INFO  : 'configparams force-mem-access 0' command is executed.
15:42:47 INFO  : ----------------XSDB Script----------------
connect -url tcp:127.0.0.1:3121
targets -set -nocase -filter {name =~"APU*"}
rst -system
after 3000
targets -set -filter {jtag_cable_name =~ "Digilent Zybo Z7 210351B7A823A" && level==0 && jtag_device_ctx=="jsn-Zybo Z7-210351B7A823A-13722093-0"}
fpga -file /home/mg/Documents/my-projects/Embedded-System-Design-with-Xilinx-Zynq-SoC-and-Vitis-IDE/gpio_axi/software/axi_gpio_sw/_ide/bitstream/subsystem_db_wrapper.bit
targets -set -nocase -filter {name =~"APU*"}
loadhw -hw /home/mg/Documents/my-projects/Embedded-System-Design-with-Xilinx-Zynq-SoC-and-Vitis-IDE/gpio_axi/software/axi_gpio/export/axi_gpio/hw/subsystem_db_wrapper.xsa -mem-ranges [list {0x40000000 0xbfffffff}] -regs
configparams force-mem-access 1
targets -set -nocase -filter {name =~"APU*"}
source /home/mg/Documents/my-projects/Embedded-System-Design-with-Xilinx-Zynq-SoC-and-Vitis-IDE/gpio_axi/software/axi_gpio_sw/_ide/psinit/ps7_init.tcl
ps7_init
ps7_post_config
targets -set -nocase -filter {name =~ "*A9*#0"}
dow /home/mg/Documents/my-projects/Embedded-System-Design-with-Xilinx-Zynq-SoC-and-Vitis-IDE/gpio_axi/software/axi_gpio_sw/Debug/axi_gpio_sw.elf
configparams force-mem-access 0
----------------End of Script----------------

15:42:47 INFO  : Context for processor 'ps7_cortexa9_0' is selected.
15:42:47 INFO  : 'con' command is executed.
15:42:47 INFO  : ----------------XSDB Script (After Launch)----------------
targets -set -nocase -filter {name =~ "*A9*#0"}
con
----------------End of Script----------------

15:42:47 INFO  : Launch script is exported to file '/home/mg/Documents/my-projects/Embedded-System-Design-with-Xilinx-Zynq-SoC-and-Vitis-IDE/gpio_axi/software/axi_gpio_sw_system/_ide/scripts/systemdebugger_axi_gpio_sw_system_standalone.tcl'
15:44:19 INFO  : Checking for BSP changes to sync application flags for project 'axi_gpio_sw'...
15:44:31 INFO  : Disconnected from the channel tcfchan#6.
15:44:31 INFO  : Connected to target on host '127.0.0.1' and port '3121'.
15:44:31 INFO  : Jtag cable 'Digilent Zybo Z7 210351B7A823A' is selected.
15:44:31 INFO  : 'jtag frequency' command is executed.
15:44:31 INFO  : Context for 'APU' is selected.
15:44:31 INFO  : System reset is completed.
15:44:34 INFO  : 'after 3000' command is executed.
15:44:34 INFO  : 'targets -set -filter {jtag_cable_name =~ "Digilent Zybo Z7 210351B7A823A" && level==0 && jtag_device_ctx=="jsn-Zybo Z7-210351B7A823A-13722093-0"}' command is executed.
15:44:35 INFO  : Device configured successfully with "/home/mg/Documents/my-projects/Embedded-System-Design-with-Xilinx-Zynq-SoC-and-Vitis-IDE/gpio_axi/software/axi_gpio_sw/_ide/bitstream/subsystem_db_wrapper.bit"
15:44:35 INFO  : Context for 'APU' is selected.
15:44:35 INFO  : Hardware design and registers information is loaded from '/home/mg/Documents/my-projects/Embedded-System-Design-with-Xilinx-Zynq-SoC-and-Vitis-IDE/gpio_axi/software/axi_gpio/export/axi_gpio/hw/subsystem_db_wrapper.xsa'.
15:44:35 INFO  : 'configparams force-mem-access 1' command is executed.
15:44:35 INFO  : Context for 'APU' is selected.
15:44:35 INFO  : Sourcing of '/home/mg/Documents/my-projects/Embedded-System-Design-with-Xilinx-Zynq-SoC-and-Vitis-IDE/gpio_axi/software/axi_gpio_sw/_ide/psinit/ps7_init.tcl' is done.
15:44:36 INFO  : 'ps7_init' command is executed.
15:44:36 INFO  : 'ps7_post_config' command is executed.
15:44:36 INFO  : Context for processor 'ps7_cortexa9_0' is selected.
15:44:36 INFO  : The application '/home/mg/Documents/my-projects/Embedded-System-Design-with-Xilinx-Zynq-SoC-and-Vitis-IDE/gpio_axi/software/axi_gpio_sw/Debug/axi_gpio_sw.elf' is downloaded to processor 'ps7_cortexa9_0'.
15:44:36 INFO  : 'configparams force-mem-access 0' command is executed.
15:44:36 INFO  : ----------------XSDB Script----------------
connect -url tcp:127.0.0.1:3121
targets -set -nocase -filter {name =~"APU*"}
rst -system
after 3000
targets -set -filter {jtag_cable_name =~ "Digilent Zybo Z7 210351B7A823A" && level==0 && jtag_device_ctx=="jsn-Zybo Z7-210351B7A823A-13722093-0"}
fpga -file /home/mg/Documents/my-projects/Embedded-System-Design-with-Xilinx-Zynq-SoC-and-Vitis-IDE/gpio_axi/software/axi_gpio_sw/_ide/bitstream/subsystem_db_wrapper.bit
targets -set -nocase -filter {name =~"APU*"}
loadhw -hw /home/mg/Documents/my-projects/Embedded-System-Design-with-Xilinx-Zynq-SoC-and-Vitis-IDE/gpio_axi/software/axi_gpio/export/axi_gpio/hw/subsystem_db_wrapper.xsa -mem-ranges [list {0x40000000 0xbfffffff}] -regs
configparams force-mem-access 1
targets -set -nocase -filter {name =~"APU*"}
source /home/mg/Documents/my-projects/Embedded-System-Design-with-Xilinx-Zynq-SoC-and-Vitis-IDE/gpio_axi/software/axi_gpio_sw/_ide/psinit/ps7_init.tcl
ps7_init
ps7_post_config
targets -set -nocase -filter {name =~ "*A9*#0"}
dow /home/mg/Documents/my-projects/Embedded-System-Design-with-Xilinx-Zynq-SoC-and-Vitis-IDE/gpio_axi/software/axi_gpio_sw/Debug/axi_gpio_sw.elf
configparams force-mem-access 0
----------------End of Script----------------

15:44:36 INFO  : Context for processor 'ps7_cortexa9_0' is selected.
15:44:36 INFO  : 'con' command is executed.
15:44:36 INFO  : ----------------XSDB Script (After Launch)----------------
targets -set -nocase -filter {name =~ "*A9*#0"}
con
----------------End of Script----------------

15:44:36 INFO  : Launch script is exported to file '/home/mg/Documents/my-projects/Embedded-System-Design-with-Xilinx-Zynq-SoC-and-Vitis-IDE/gpio_axi/software/axi_gpio_sw_system/_ide/scripts/systemdebugger_axi_gpio_sw_system_standalone.tcl'
15:45:31 INFO  : Checking for BSP changes to sync application flags for project 'axi_gpio_sw'...
15:45:49 INFO  : Checking for BSP changes to sync application flags for project 'axi_gpio_sw'...
15:45:58 INFO  : Disconnected from the channel tcfchan#7.
15:45:58 INFO  : Connected to target on host '127.0.0.1' and port '3121'.
15:45:58 INFO  : Jtag cable 'Digilent Zybo Z7 210351B7A823A' is selected.
15:45:59 INFO  : 'jtag frequency' command is executed.
15:45:59 INFO  : Context for 'APU' is selected.
15:45:59 INFO  : System reset is completed.
15:46:02 INFO  : 'after 3000' command is executed.
15:46:02 INFO  : 'targets -set -filter {jtag_cable_name =~ "Digilent Zybo Z7 210351B7A823A" && level==0 && jtag_device_ctx=="jsn-Zybo Z7-210351B7A823A-13722093-0"}' command is executed.
15:46:03 INFO  : Device configured successfully with "/home/mg/Documents/my-projects/Embedded-System-Design-with-Xilinx-Zynq-SoC-and-Vitis-IDE/gpio_axi/software/axi_gpio_sw/_ide/bitstream/subsystem_db_wrapper.bit"
15:46:03 INFO  : Context for 'APU' is selected.
15:46:03 INFO  : Hardware design and registers information is loaded from '/home/mg/Documents/my-projects/Embedded-System-Design-with-Xilinx-Zynq-SoC-and-Vitis-IDE/gpio_axi/software/axi_gpio/export/axi_gpio/hw/subsystem_db_wrapper.xsa'.
15:46:03 INFO  : 'configparams force-mem-access 1' command is executed.
15:46:03 INFO  : Context for 'APU' is selected.
15:46:03 INFO  : Sourcing of '/home/mg/Documents/my-projects/Embedded-System-Design-with-Xilinx-Zynq-SoC-and-Vitis-IDE/gpio_axi/software/axi_gpio_sw/_ide/psinit/ps7_init.tcl' is done.
15:46:03 INFO  : 'ps7_init' command is executed.
15:46:03 INFO  : 'ps7_post_config' command is executed.
15:46:03 INFO  : Context for processor 'ps7_cortexa9_0' is selected.
15:46:03 INFO  : The application '/home/mg/Documents/my-projects/Embedded-System-Design-with-Xilinx-Zynq-SoC-and-Vitis-IDE/gpio_axi/software/axi_gpio_sw/Debug/axi_gpio_sw.elf' is downloaded to processor 'ps7_cortexa9_0'.
15:46:03 INFO  : 'configparams force-mem-access 0' command is executed.
15:46:03 INFO  : ----------------XSDB Script----------------
connect -url tcp:127.0.0.1:3121
targets -set -nocase -filter {name =~"APU*"}
rst -system
after 3000
targets -set -filter {jtag_cable_name =~ "Digilent Zybo Z7 210351B7A823A" && level==0 && jtag_device_ctx=="jsn-Zybo Z7-210351B7A823A-13722093-0"}
fpga -file /home/mg/Documents/my-projects/Embedded-System-Design-with-Xilinx-Zynq-SoC-and-Vitis-IDE/gpio_axi/software/axi_gpio_sw/_ide/bitstream/subsystem_db_wrapper.bit
targets -set -nocase -filter {name =~"APU*"}
loadhw -hw /home/mg/Documents/my-projects/Embedded-System-Design-with-Xilinx-Zynq-SoC-and-Vitis-IDE/gpio_axi/software/axi_gpio/export/axi_gpio/hw/subsystem_db_wrapper.xsa -mem-ranges [list {0x40000000 0xbfffffff}] -regs
configparams force-mem-access 1
targets -set -nocase -filter {name =~"APU*"}
source /home/mg/Documents/my-projects/Embedded-System-Design-with-Xilinx-Zynq-SoC-and-Vitis-IDE/gpio_axi/software/axi_gpio_sw/_ide/psinit/ps7_init.tcl
ps7_init
ps7_post_config
targets -set -nocase -filter {name =~ "*A9*#0"}
dow /home/mg/Documents/my-projects/Embedded-System-Design-with-Xilinx-Zynq-SoC-and-Vitis-IDE/gpio_axi/software/axi_gpio_sw/Debug/axi_gpio_sw.elf
configparams force-mem-access 0
----------------End of Script----------------

15:46:03 INFO  : Context for processor 'ps7_cortexa9_0' is selected.
15:46:03 INFO  : 'con' command is executed.
15:46:03 INFO  : ----------------XSDB Script (After Launch)----------------
targets -set -nocase -filter {name =~ "*A9*#0"}
con
----------------End of Script----------------

15:46:03 INFO  : Launch script is exported to file '/home/mg/Documents/my-projects/Embedded-System-Design-with-Xilinx-Zynq-SoC-and-Vitis-IDE/gpio_axi/software/axi_gpio_sw_system/_ide/scripts/systemdebugger_axi_gpio_sw_system_standalone.tcl'
15:52:34 INFO  : Checking for BSP changes to sync application flags for project 'axi_gpio_sw'...
15:54:35 INFO  : Checking for BSP changes to sync application flags for project 'axi_gpio_sw'...
15:54:50 INFO  : Disconnected from the channel tcfchan#9.
15:54:50 INFO  : Connected to target on host '127.0.0.1' and port '3121'.
15:54:50 INFO  : Jtag cable 'Digilent Zybo Z7 210351B7A823A' is selected.
15:54:50 INFO  : 'jtag frequency' command is executed.
15:54:50 INFO  : Context for 'APU' is selected.
15:54:50 INFO  : System reset is completed.
15:54:53 INFO  : 'after 3000' command is executed.
15:54:53 INFO  : 'targets -set -filter {jtag_cable_name =~ "Digilent Zybo Z7 210351B7A823A" && level==0 && jtag_device_ctx=="jsn-Zybo Z7-210351B7A823A-13722093-0"}' command is executed.
15:54:54 INFO  : Device configured successfully with "/home/mg/Documents/my-projects/Embedded-System-Design-with-Xilinx-Zynq-SoC-and-Vitis-IDE/gpio_axi/software/axi_gpio_sw/_ide/bitstream/subsystem_db_wrapper.bit"
15:54:54 INFO  : Context for 'APU' is selected.
15:54:54 INFO  : Hardware design and registers information is loaded from '/home/mg/Documents/my-projects/Embedded-System-Design-with-Xilinx-Zynq-SoC-and-Vitis-IDE/gpio_axi/software/axi_gpio/export/axi_gpio/hw/subsystem_db_wrapper.xsa'.
15:54:54 INFO  : 'configparams force-mem-access 1' command is executed.
15:54:54 INFO  : Context for 'APU' is selected.
15:54:54 INFO  : Sourcing of '/home/mg/Documents/my-projects/Embedded-System-Design-with-Xilinx-Zynq-SoC-and-Vitis-IDE/gpio_axi/software/axi_gpio_sw/_ide/psinit/ps7_init.tcl' is done.
15:54:55 INFO  : 'ps7_init' command is executed.
15:54:55 INFO  : 'ps7_post_config' command is executed.
15:54:55 INFO  : Context for processor 'ps7_cortexa9_0' is selected.
15:54:55 INFO  : The application '/home/mg/Documents/my-projects/Embedded-System-Design-with-Xilinx-Zynq-SoC-and-Vitis-IDE/gpio_axi/software/axi_gpio_sw/Debug/axi_gpio_sw.elf' is downloaded to processor 'ps7_cortexa9_0'.
15:54:55 INFO  : 'configparams force-mem-access 0' command is executed.
15:54:55 INFO  : ----------------XSDB Script----------------
connect -url tcp:127.0.0.1:3121
targets -set -nocase -filter {name =~"APU*"}
rst -system
after 3000
targets -set -filter {jtag_cable_name =~ "Digilent Zybo Z7 210351B7A823A" && level==0 && jtag_device_ctx=="jsn-Zybo Z7-210351B7A823A-13722093-0"}
fpga -file /home/mg/Documents/my-projects/Embedded-System-Design-with-Xilinx-Zynq-SoC-and-Vitis-IDE/gpio_axi/software/axi_gpio_sw/_ide/bitstream/subsystem_db_wrapper.bit
targets -set -nocase -filter {name =~"APU*"}
loadhw -hw /home/mg/Documents/my-projects/Embedded-System-Design-with-Xilinx-Zynq-SoC-and-Vitis-IDE/gpio_axi/software/axi_gpio/export/axi_gpio/hw/subsystem_db_wrapper.xsa -mem-ranges [list {0x40000000 0xbfffffff}] -regs
configparams force-mem-access 1
targets -set -nocase -filter {name =~"APU*"}
source /home/mg/Documents/my-projects/Embedded-System-Design-with-Xilinx-Zynq-SoC-and-Vitis-IDE/gpio_axi/software/axi_gpio_sw/_ide/psinit/ps7_init.tcl
ps7_init
ps7_post_config
targets -set -nocase -filter {name =~ "*A9*#0"}
dow /home/mg/Documents/my-projects/Embedded-System-Design-with-Xilinx-Zynq-SoC-and-Vitis-IDE/gpio_axi/software/axi_gpio_sw/Debug/axi_gpio_sw.elf
configparams force-mem-access 0
----------------End of Script----------------

15:54:55 INFO  : Context for processor 'ps7_cortexa9_0' is selected.
15:54:55 INFO  : 'con' command is executed.
15:54:55 INFO  : ----------------XSDB Script (After Launch)----------------
targets -set -nocase -filter {name =~ "*A9*#0"}
con
----------------End of Script----------------

15:54:55 INFO  : Launch script is exported to file '/home/mg/Documents/my-projects/Embedded-System-Design-with-Xilinx-Zynq-SoC-and-Vitis-IDE/gpio_axi/software/axi_gpio_sw_system/_ide/scripts/systemdebugger_axi_gpio_sw_system_standalone.tcl'
15:55:40 INFO  : Disconnected from the channel tcfchan#12.
